

Microchip MPLAB XC8 Assembler V2.32 build 20210201212658 
                                                                                               Sat Aug 06 17:53:33 2022

Microchip MPLAB XC8 C Compiler v2.32 (Free license) build 20210201212658 Og1 
     1                           	processor	18F57Q43
     2                           	fnconf	rparam,??,?,0
     3                           	pagewidth 120
     4                           	opt	flic
     5                           	psect	cinit,global,reloc=2,class=CODE,delta=1
     6                           	psect	cstackCOMRAM,global,class=COMRAM,space=1,delta=1,lowdata,noexec
     7                           	psect	text0,global,reloc=2,class=CODE,delta=1
     8                           	psect	text1,global,reloc=2,class=CODE,delta=1
     9                           	psect	text2,global,reloc=2,class=CODE,delta=1
    10                           	psect	text3,global,reloc=2,class=CODE,delta=1
    11                           	psect	text4,global,reloc=2,class=CODE,delta=1
    12                           	psect	intsave_regs,global,class=BIGRAM,space=1,delta=1,noexec
    13                           	psect	rparam,global,class=COMRAM,space=1,delta=1,noexec
    14                           	psect	idloc,global,abs,ovrld,class=IDLOC,space=5,delta=1,noexec
    15                           	psect	config,global,abs,ovrld,class=CONFIG,space=4,delta=1,noexec
    16  0000                     
    17                           ; Version 2.32
    18                           ; Generated 10/02/2021 GMT
    19                           ; 
    20                           ; Copyright © 2021, Microchip Technology Inc. and its subsidiaries ("Microchip")
    21                           ; All rights reserved.
    22                           ; 
    23                           ; This software is developed by Microchip Technology Inc. and its subsidiaries ("Microch
      +                          ip").
    24                           ; 
    25                           ; Redistribution and use in source and binary forms, with or without modification, are
    26                           ; permitted provided that the following conditions are met:
    27                           ; 
    28                           ;     1. Redistributions of source code must retain the above copyright notice, this lis
      +                          t of
    29                           ;        conditions and the following disclaimer.
    30                           ; 
    31                           ;     2. Redistributions in binary form must reproduce the above copyright notice, this 
      +                          list
    32                           ;        of conditions and the following disclaimer in the documentation and/or other
    33                           ;        materials provided with the distribution. Publication is not required when
    34                           ;        this file is used in an embedded application.
    35                           ; 
    36                           ;     3. Microchip's name may not be used to endorse or promote products derived from th
      +                          is
    37                           ;        software without specific prior written permission.
    38                           ; 
    39                           ; THIS SOFTWARE IS PROVIDED BY MICROCHIP "AS IS" AND ANY EXPRESS OR IMPLIED WARRANTIES,
    40                           ; INCLUDING, BUT NOT LIMITED TO, THE IMPLIED WARRANTIES OF MERCHANTABILITY AND FITNESS F
      +                          OR
    41                           ; PURPOSE ARE DISCLAIMED.  IN NO EVENT SHALL MICROCHIP BE LIABLE FOR ANY DIRECT, INDIREC
      +                          T,
    42                           ; INCIDENTAL, SPECIAL, EXEMPLARY, OR CONSEQUENTIAL DAMAGES (INCLUDING BUT NOT LIMITED TO
    43                           ; PROCUREMENT OF SUBSTITUTE GOODS OR SERVICES; LOSS OF USE, DATA OR PROFITS; OR BUSINESS
    44                           ; INTERRUPTION) HOWSOEVER CAUSED AND ON ANY THEORY OF LIABILITY, WHETHER IN CONTRACT, ST
      +                          RICT
    45                           ; LIABILITY, OR TORT (INCLUDING NEGLIGENCE OR OTHERWISE) ARISING IN ANY WAY OUT OF THE U
      +                          SE OF
    46                           ; THIS SOFTWARE, EVEN IF ADVISED OF THE POSSIBILITY OF SUCH DAMAGE.
    47                           ; 
    48                           ; 
    49                           ; Code-generator required, PIC18F57Q43 Definitions
    50                           ; 
    51                           ; SFR Addresses
    52  0000                     _PMD8	set	104
    53  0000                     _PMD7	set	103
    54  0000                     _PMD6	set	102
    55  0000                     _PMD5	set	101
    56  0000                     _PMD4	set	100
    57  0000                     _PMD3	set	99
    58  0000                     _PMD1	set	97
    59  0000                     _PMD0	set	96
    60  0000                     _ACTCON	set	172
    61  0000                     _OSCTUNE	set	176
    62  0000                     _OSCFRQ	set	177
    63  0000                     _OSCEN	set	179
    64  0000                     _OSCCON3	set	175
    65  0000                     _OSCCON1	set	173
    66  0000                     _RC4I2C	set	646
    67  0000                     _RC3I2C	set	647
    68  0000                     _RB2I2C	set	648
    69  0000                     _RB1I2C	set	649
    70  0000                     _INLVLF	set	1068
    71  0000                     _INLVLE	set	1060
    72  0000                     _INLVLD	set	1052
    73  0000                     _INLVLC	set	1044
    74  0000                     _INLVLB	set	1036
    75  0000                     _INLVLA	set	1028
    76  0000                     _SLRCONF	set	1067
    77  0000                     _SLRCONE	set	1059
    78  0000                     _SLRCOND	set	1051
    79  0000                     _SLRCONC	set	1043
    80  0000                     _SLRCONB	set	1035
    81  0000                     _SLRCONA	set	1027
    82  0000                     _ODCOND	set	1050
    83  0000                     _ODCONC	set	1042
    84  0000                     _ODCONB	set	1034
    85  0000                     _ODCONA	set	1026
    86  0000                     _ODCONF	set	1066
    87  0000                     _ODCONE	set	1058
    88  0000                     _WPUC	set	1041
    89  0000                     _WPUA	set	1025
    90  0000                     _WPUB	set	1033
    91  0000                     _WPUE	set	1057
    92  0000                     _WPUF	set	1065
    93  0000                     _WPUD	set	1049
    94  0000                     _ANSELA	set	1024
    95  0000                     _ANSELF	set	1064
    96  0000                     _ANSELE	set	1056
    97  0000                     _ANSELB	set	1032
    98  0000                     _ANSELC	set	1040
    99  0000                     _ANSELD	set	1048
   100  0000                     _LATFbits	set	1219
   101  0000                     _TRISD	set	1225
   102  0000                     _TRISC	set	1224
   103  0000                     _TRISB	set	1223
   104  0000                     _TRISA	set	1222
   105  0000                     _TRISF	set	1227
   106  0000                     _TRISE	set	1226
   107  0000                     _LATC	set	1216
   108  0000                     _LATB	set	1215
   109  0000                     _LATF	set	1219
   110  0000                     _LATA	set	1214
   111  0000                     _LATD	set	1217
   112  0000                     _LATE	set	1218
   113                           
   114                           ; #config settings
   115                           
   116                           	psect	cinit
   117  01FEC0                     __pcinit:
   118                           	callstack 0
   119  01FEC0                     start_initialization:
   120                           	callstack 0
   121  01FEC0                     __initialization:
   122                           	callstack 0
   123  01FEC0                     end_of_initialization:
   124                           	callstack 0
   125  01FEC0                     __end_of__initialization:
   126                           	callstack 0
   127  01FEC0  0100               	movlb	0
   128  01FEC2  EF8A  F0FF         	goto	_main	;jump to C main() function
   129                           
   130                           	psect	cstackCOMRAM
   131  000501                     __pcstackCOMRAM:
   132                           	callstack 0
   133  000501                     ??_main:
   134                           
   135                           ; 1 bytes @ 0x0
   136  000501                     	ds	2
   137                           
   138 ;;
   139 ;;Main: autosize = 0, tempsize = 2, incstack = 0, save=0
   140 ;;
   141 ;; *************** function _main *****************
   142 ;; Defined at:
   143 ;;		line 7 in file "main.c"
   144 ;; Parameters:    Size  Location     Type
   145 ;;		None
   146 ;; Auto vars:     Size  Location     Type
   147 ;;		None
   148 ;; Return value:  Size  Location     Type
   149 ;;                  1    wreg      void 
   150 ;; Registers used:
   151 ;;		wreg, status,2, status,0, cstack
   152 ;; Tracked objects:
   153 ;;		On entry : 0/0
   154 ;;		On exit  : 0/0
   155 ;;		Unchanged: 0/0
   156 ;; Data sizes:     COMRAM   BANK5   BANK6   BANK7   BANK8   BANK9  BANK10  BANK11  BANK12  BANK13  BANK14  BANK15  BANK1
      +6  BANK17  BANK18  BANK19  BANK20  BANK21  BANK22  BANK23  BANK24  BANK25  BANK26  BANK27  BANK28  BANK29  BANK30  BANK3
      +1  BANK32  BANK33  BANK34  BANK35  BANK36  BANK37
   157 ;;      Params:         0       0       0       0       0       0       0       0       0       0       0       0       
      +0       0       0       0       0       0       0       0       0       0       0       0       0       0       0       
      +0       0       0       0       0       0       0
   158 ;;      Locals:         0       0       0       0       0       0       0       0       0       0       0       0       
      +0       0       0       0       0       0       0       0       0       0       0       0       0       0       0       
      +0       0       0       0       0       0       0
   159 ;;      Temps:          2       0       0       0       0       0       0       0       0       0       0       0       
      +0       0       0       0       0       0       0       0       0       0       0       0       0       0       0       
      +0       0       0       0       0       0       0
   160 ;;      Totals:         2       0       0       0       0       0       0       0       0       0       0       0       
      +0       0       0       0       0       0       0       0       0       0       0       0       0       0       0       
      +0       0       0       0       0       0       0
   161 ;;Total ram usage:        2 bytes
   162 ;; Hardware stack levels required when called: 2
   163 ;; This function calls:
   164 ;;		_SYSTEM_Initialize
   165 ;; This function is called by:
   166 ;;		Startup code after reset
   167 ;; This function uses a non-reentrant model
   168 ;;
   169                           
   170                           	psect	text0
   171  01FF14                     __ptext0:
   172                           	callstack 0
   173  01FF14                     _main:
   174                           	callstack 126
   175  01FF14                     
   176                           ;main.c: 10:     SYSTEM_Initialize();
   177  01FF14  EC63  F0FF         	call	_SYSTEM_Initialize	;wreg free
   178  01FF18                     l877:
   179  01FF18  B6C3               	btfsc	195,3,c	;volatile
   180  01FF1A  EF91  F0FF         	goto	u11
   181  01FF1E  EF94  F0FF         	goto	u10
   182  01FF22                     u11:
   183  01FF22  0E01               	movlw	1
   184  01FF24  EF95  F0FF         	goto	u16
   185  01FF28                     u10:
   186  01FF28  0E00               	movlw	0
   187  01FF2A                     u16:
   188  01FF2A  0AFF               	xorlw	255
   189  01FF2C  6E01               	movwf	??_main^(0+1280),c
   190  01FF2E  4601               	rlncf	??_main^(0+1280),f,c
   191  01FF30  4601               	rlncf	??_main^(0+1280),f,c
   192  01FF32  4601               	rlncf	??_main^(0+1280),f,c
   193  01FF34  50C3               	movf	195,w,c	;volatile
   194  01FF36  1801               	xorwf	??_main^(0+1280),w,c
   195  01FF38  0BF7               	andlw	-9
   196  01FF3A  1801               	xorwf	??_main^(0+1280),w,c
   197  01FF3C  6EC3               	movwf	195,c	;volatile
   198  01FF3E                     
   199                           ;main.c: 25:         _delay((unsigned long)((400)*(64000000/4000.0)));
   200  01FF3E  0E21               	movlw	33
   201  01FF40  6E02               	movwf	(??_main+1)^(0+1280),c
   202  01FF42  0E78               	movlw	120
   203  01FF44  6E01               	movwf	??_main^(0+1280),c
   204  01FF46  0E98               	movlw	152
   205  01FF48                     u27:
   206  01FF48  2EE8               	decfsz	wreg,f,c
   207  01FF4A  D7FE               	bra	u27
   208  01FF4C  2E01               	decfsz	??_main^(0+1280),f,c
   209  01FF4E  D7FC               	bra	u27
   210  01FF50  2E02               	decfsz	(??_main+1)^(0+1280),f,c
   211  01FF52  D7FA               	bra	u27
   212  01FF54  D000               	nop2	
   213  01FF56  EF8C  F0FF         	goto	l877
   214  01FF5A  EFFE  F0FF         	goto	start
   215  01FF5E                     __end_of_main:
   216                           	callstack 0
   217                           
   218 ;; *************** function _SYSTEM_Initialize *****************
   219 ;; Defined at:
   220 ;;		line 50 in file "mcc_generated_files/mcc.c"
   221 ;; Parameters:    Size  Location     Type
   222 ;;		None
   223 ;; Auto vars:     Size  Location     Type
   224 ;;		None
   225 ;; Return value:  Size  Location     Type
   226 ;;                  1    wreg      void 
   227 ;; Registers used:
   228 ;;		wreg, status,2, cstack
   229 ;; Tracked objects:
   230 ;;		On entry : 0/0
   231 ;;		On exit  : 0/0
   232 ;;		Unchanged: 0/0
   233 ;; Data sizes:     COMRAM   BANK5   BANK6   BANK7   BANK8   BANK9  BANK10  BANK11  BANK12  BANK13  BANK14  BANK15  BANK1
      +6  BANK17  BANK18  BANK19  BANK20  BANK21  BANK22  BANK23  BANK24  BANK25  BANK26  BANK27  BANK28  BANK29  BANK30  BANK3
      +1  BANK32  BANK33  BANK34  BANK35  BANK36  BANK37
   234 ;;      Params:         0       0       0       0       0       0       0       0       0       0       0       0       
      +0       0       0       0       0       0       0       0       0       0       0       0       0       0       0       
      +0       0       0       0       0       0       0
   235 ;;      Locals:         0       0       0       0       0       0       0       0       0       0       0       0       
      +0       0       0       0       0       0       0       0       0       0       0       0       0       0       0       
      +0       0       0       0       0       0       0
   236 ;;      Temps:          0       0       0       0       0       0       0       0       0       0       0       0       
      +0       0       0       0       0       0       0       0       0       0       0       0       0       0       0       
      +0       0       0       0       0       0       0
   237 ;;      Totals:         0       0       0       0       0       0       0       0       0       0       0       0       
      +0       0       0       0       0       0       0       0       0       0       0       0       0       0       0       
      +0       0       0       0       0       0       0
   238 ;;Total ram usage:        0 bytes
   239 ;; Hardware stack levels used: 1
   240 ;; Hardware stack levels required when called: 1
   241 ;; This function calls:
   242 ;;		_OSCILLATOR_Initialize
   243 ;;		_PIN_MANAGER_Initialize
   244 ;;		_PMD_Initialize
   245 ;; This function is called by:
   246 ;;		_main
   247 ;; This function uses a non-reentrant model
   248 ;;
   249                           
   250                           	psect	text1
   251  01FEC6                     __ptext1:
   252                           	callstack 0
   253  01FEC6                     _SYSTEM_Initialize:
   254                           	callstack 126
   255  01FEC6                     
   256                           ;mcc_generated_files/mcc.c: 52:     PMD_Initialize();
   257  01FEC6  EC78  F0FF         	call	_PMD_Initialize	;wreg free
   258                           
   259                           ;mcc_generated_files/mcc.c: 53:     PIN_MANAGER_Initialize();
   260  01FECA  ECAF  F0FF         	call	_PIN_MANAGER_Initialize	;wreg free
   261                           
   262                           ;mcc_generated_files/mcc.c: 54:     OSCILLATOR_Initialize();
   263  01FECE  EC6A  F0FF         	call	_OSCILLATOR_Initialize	;wreg free
   264  01FED2  0012               	return		;funcret
   265  01FED4                     __end_of_SYSTEM_Initialize:
   266                           	callstack 0
   267                           
   268 ;; *************** function _PMD_Initialize *****************
   269 ;; Defined at:
   270 ;;		line 73 in file "mcc_generated_files/mcc.c"
   271 ;; Parameters:    Size  Location     Type
   272 ;;		None
   273 ;; Auto vars:     Size  Location     Type
   274 ;;		None
   275 ;; Return value:  Size  Location     Type
   276 ;;                  1    wreg      void 
   277 ;; Registers used:
   278 ;;		wreg, status,2
   279 ;; Tracked objects:
   280 ;;		On entry : 0/0
   281 ;;		On exit  : 0/0
   282 ;;		Unchanged: 0/0
   283 ;; Data sizes:     COMRAM   BANK5   BANK6   BANK7   BANK8   BANK9  BANK10  BANK11  BANK12  BANK13  BANK14  BANK15  BANK1
      +6  BANK17  BANK18  BANK19  BANK20  BANK21  BANK22  BANK23  BANK24  BANK25  BANK26  BANK27  BANK28  BANK29  BANK30  BANK3
      +1  BANK32  BANK33  BANK34  BANK35  BANK36  BANK37
   284 ;;      Params:         0       0       0       0       0       0       0       0       0       0       0       0       
      +0       0       0       0       0       0       0       0       0       0       0       0       0       0       0       
      +0       0       0       0       0       0       0
   285 ;;      Locals:         0       0       0       0       0       0       0       0       0       0       0       0       
      +0       0       0       0       0       0       0       0       0       0       0       0       0       0       0       
      +0       0       0       0       0       0       0
   286 ;;      Temps:          0       0       0       0       0       0       0       0       0       0       0       0       
      +0       0       0       0       0       0       0       0       0       0       0       0       0       0       0       
      +0       0       0       0       0       0       0
   287 ;;      Totals:         0       0       0       0       0       0       0       0       0       0       0       0       
      +0       0       0       0       0       0       0       0       0       0       0       0       0       0       0       
      +0       0       0       0       0       0       0
   288 ;;Total ram usage:        0 bytes
   289 ;; Hardware stack levels used: 1
   290 ;; This function calls:
   291 ;;		Nothing
   292 ;; This function is called by:
   293 ;;		_SYSTEM_Initialize
   294 ;; This function uses a non-reentrant model
   295 ;;
   296                           
   297                           	psect	text2
   298  01FEF0                     __ptext2:
   299                           	callstack 0
   300  01FEF0                     _PMD_Initialize:
   301                           	callstack 126
   302  01FEF0                     
   303                           ;mcc_generated_files/mcc.c: 76:     PMD0 = 0x00;
   304  01FEF0  0E00               	movlw	0
   305  01FEF2  0100               	movlb	0	; () banked
   306  01FEF4  6F60               	movwf	96,b	;volatile
   307                           
   308                           ;mcc_generated_files/mcc.c: 78:     PMD1 = 0x00;
   309  01FEF6  0E00               	movlw	0
   310  01FEF8  6F61               	movwf	97,b	;volatile
   311                           
   312                           ;mcc_generated_files/mcc.c: 80:     PMD3 = 0x00;
   313  01FEFA  0E00               	movlw	0
   314  01FEFC  6F63               	movwf	99,b	;volatile
   315                           
   316                           ;mcc_generated_files/mcc.c: 82:     PMD4 = 0x00;
   317  01FEFE  0E00               	movlw	0
   318  01FF00  6F64               	movwf	100,b	;volatile
   319                           
   320                           ;mcc_generated_files/mcc.c: 84:     PMD5 = 0x00;
   321  01FF02  0E00               	movlw	0
   322  01FF04  6F65               	movwf	101,b	;volatile
   323                           
   324                           ;mcc_generated_files/mcc.c: 86:     PMD6 = 0x00;
   325  01FF06  0E00               	movlw	0
   326  01FF08  6F66               	movwf	102,b	;volatile
   327                           
   328                           ;mcc_generated_files/mcc.c: 88:     PMD7 = 0x00;
   329  01FF0A  0E00               	movlw	0
   330  01FF0C  6F67               	movwf	103,b	;volatile
   331                           
   332                           ;mcc_generated_files/mcc.c: 90:     PMD8 = 0x00;
   333  01FF0E  0E00               	movlw	0
   334  01FF10  6F68               	movwf	104,b	;volatile
   335  01FF12                     
   336                           ; BSR set to: 0
   337  01FF12  0012               	return		;funcret
   338  01FF14                     __end_of_PMD_Initialize:
   339                           	callstack 0
   340                           
   341 ;; *************** function _PIN_MANAGER_Initialize *****************
   342 ;; Defined at:
   343 ;;		line 55 in file "mcc_generated_files/pin_manager.c"
   344 ;; Parameters:    Size  Location     Type
   345 ;;		None
   346 ;; Auto vars:     Size  Location     Type
   347 ;;		None
   348 ;; Return value:  Size  Location     Type
   349 ;;                  1    wreg      void 
   350 ;; Registers used:
   351 ;;		wreg, status,2
   352 ;; Tracked objects:
   353 ;;		On entry : 0/0
   354 ;;		On exit  : 0/0
   355 ;;		Unchanged: 0/0
   356 ;; Data sizes:     COMRAM   BANK5   BANK6   BANK7   BANK8   BANK9  BANK10  BANK11  BANK12  BANK13  BANK14  BANK15  BANK1
      +6  BANK17  BANK18  BANK19  BANK20  BANK21  BANK22  BANK23  BANK24  BANK25  BANK26  BANK27  BANK28  BANK29  BANK30  BANK3
      +1  BANK32  BANK33  BANK34  BANK35  BANK36  BANK37
   357 ;;      Params:         0       0       0       0       0       0       0       0       0       0       0       0       
      +0       0       0       0       0       0       0       0       0       0       0       0       0       0       0       
      +0       0       0       0       0       0       0
   358 ;;      Locals:         0       0       0       0       0       0       0       0       0       0       0       0       
      +0       0       0       0       0       0       0       0       0       0       0       0       0       0       0       
      +0       0       0       0       0       0       0
   359 ;;      Temps:          0       0       0       0       0       0       0       0       0       0       0       0       
      +0       0       0       0       0       0       0       0       0       0       0       0       0       0       0       
      +0       0       0       0       0       0       0
   360 ;;      Totals:         0       0       0       0       0       0       0       0       0       0       0       0       
      +0       0       0       0       0       0       0       0       0       0       0       0       0       0       0       
      +0       0       0       0       0       0       0
   361 ;;Total ram usage:        0 bytes
   362 ;; Hardware stack levels used: 1
   363 ;; This function calls:
   364 ;;		Nothing
   365 ;; This function is called by:
   366 ;;		_SYSTEM_Initialize
   367 ;; This function uses a non-reentrant model
   368 ;;
   369                           
   370                           	psect	text3
   371  01FF5E                     __ptext3:
   372                           	callstack 0
   373  01FF5E                     _PIN_MANAGER_Initialize:
   374                           	callstack 126
   375  01FF5E                     
   376                           ;mcc_generated_files/pin_manager.c: 60:     LATE = 0x00;
   377  01FF5E  0E00               	movlw	0
   378  01FF60  6EC2               	movwf	194,c	;volatile
   379                           
   380                           ;mcc_generated_files/pin_manager.c: 61:     LATD = 0x00;
   381  01FF62  0E00               	movlw	0
   382  01FF64  6EC1               	movwf	193,c	;volatile
   383                           
   384                           ;mcc_generated_files/pin_manager.c: 62:     LATA = 0x00;
   385  01FF66  0E00               	movlw	0
   386  01FF68  6EBE               	movwf	190,c	;volatile
   387                           
   388                           ;mcc_generated_files/pin_manager.c: 63:     LATF = 0x00;
   389  01FF6A  0E00               	movlw	0
   390  01FF6C  6EC3               	movwf	195,c	;volatile
   391                           
   392                           ;mcc_generated_files/pin_manager.c: 64:     LATB = 0x00;
   393  01FF6E  0E00               	movlw	0
   394  01FF70  6EBF               	movwf	191,c	;volatile
   395                           
   396                           ;mcc_generated_files/pin_manager.c: 65:     LATC = 0x00;
   397  01FF72  0E00               	movlw	0
   398  01FF74  6EC0               	movwf	192,c	;volatile
   399                           
   400                           ;mcc_generated_files/pin_manager.c: 70:     TRISE = 0x07;
   401  01FF76  0E07               	movlw	7
   402  01FF78  6ECA               	movwf	202,c	;volatile
   403                           
   404                           ;mcc_generated_files/pin_manager.c: 71:     TRISF = 0xF7;
   405  01FF7A  0EF7               	movlw	247
   406  01FF7C  6ECB               	movwf	203,c	;volatile
   407  01FF7E                     
   408                           ;mcc_generated_files/pin_manager.c: 72:     TRISA = 0xFF;
   409  01FF7E  68C6               	setf	198,c	;volatile
   410  01FF80                     
   411                           ;mcc_generated_files/pin_manager.c: 73:     TRISB = 0xFF;
   412  01FF80  68C7               	setf	199,c	;volatile
   413  01FF82                     
   414                           ;mcc_generated_files/pin_manager.c: 74:     TRISC = 0xFF;
   415  01FF82  68C8               	setf	200,c	;volatile
   416  01FF84                     
   417                           ;mcc_generated_files/pin_manager.c: 75:     TRISD = 0xFF;
   418  01FF84  68C9               	setf	201,c	;volatile
   419  01FF86                     
   420                           ;mcc_generated_files/pin_manager.c: 80:     ANSELD = 0xFF;
   421  01FF86  0104               	movlb	4	; () banked
   422  01FF88  6918               	setf	24,b	;volatile
   423  01FF8A                     
   424                           ; BSR set to: 4
   425                           ;mcc_generated_files/pin_manager.c: 81:     ANSELC = 0xFF;
   426  01FF8A  6910               	setf	16,b	;volatile
   427                           
   428                           ;mcc_generated_files/pin_manager.c: 82:     ANSELB = 0xEF;
   429  01FF8C  0EEF               	movlw	239
   430  01FF8E  6F08               	movwf	8,b	;volatile
   431                           
   432                           ;mcc_generated_files/pin_manager.c: 83:     ANSELE = 0x07;
   433  01FF90  0E07               	movlw	7
   434  01FF92  6F20               	movwf	32,b	;volatile
   435                           
   436                           ;mcc_generated_files/pin_manager.c: 84:     ANSELF = 0xF7;
   437  01FF94  0EF7               	movlw	247
   438  01FF96  6F28               	movwf	40,b	;volatile
   439  01FF98                     
   440                           ; BSR set to: 4
   441                           ;mcc_generated_files/pin_manager.c: 85:     ANSELA = 0xFF;
   442  01FF98  6900               	setf	0,b	;volatile
   443                           
   444                           ;mcc_generated_files/pin_manager.c: 90:     WPUD = 0x00;
   445  01FF9A  0E00               	movlw	0
   446  01FF9C  6F19               	movwf	25,b	;volatile
   447                           
   448                           ;mcc_generated_files/pin_manager.c: 91:     WPUF = 0x00;
   449  01FF9E  0E00               	movlw	0
   450  01FFA0  6F29               	movwf	41,b	;volatile
   451                           
   452                           ;mcc_generated_files/pin_manager.c: 92:     WPUE = 0x00;
   453  01FFA2  0E00               	movlw	0
   454  01FFA4  6F21               	movwf	33,b	;volatile
   455                           
   456                           ;mcc_generated_files/pin_manager.c: 93:     WPUB = 0x10;
   457  01FFA6  0E10               	movlw	16
   458  01FFA8  6F09               	movwf	9,b	;volatile
   459                           
   460                           ;mcc_generated_files/pin_manager.c: 94:     WPUA = 0x00;
   461  01FFAA  0E00               	movlw	0
   462  01FFAC  6F01               	movwf	1,b	;volatile
   463                           
   464                           ;mcc_generated_files/pin_manager.c: 95:     WPUC = 0x00;
   465  01FFAE  0E00               	movlw	0
   466  01FFB0  6F11               	movwf	17,b	;volatile
   467                           
   468                           ;mcc_generated_files/pin_manager.c: 100:     RB1I2C = 0x00;
   469  01FFB2  0E00               	movlw	0
   470  01FFB4  0102               	movlb	2	; () banked
   471  01FFB6  6F89               	movwf	137,b	;volatile
   472                           
   473                           ;mcc_generated_files/pin_manager.c: 101:     RB2I2C = 0x00;
   474  01FFB8  0E00               	movlw	0
   475  01FFBA  6F88               	movwf	136,b	;volatile
   476                           
   477                           ;mcc_generated_files/pin_manager.c: 102:     RC3I2C = 0x00;
   478  01FFBC  0E00               	movlw	0
   479  01FFBE  6F87               	movwf	135,b	;volatile
   480                           
   481                           ;mcc_generated_files/pin_manager.c: 103:     RC4I2C = 0x00;
   482  01FFC0  0E00               	movlw	0
   483  01FFC2  6F86               	movwf	134,b	;volatile
   484                           
   485                           ;mcc_generated_files/pin_manager.c: 108:     ODCONE = 0x00;
   486  01FFC4  0E00               	movlw	0
   487  01FFC6  0104               	movlb	4	; () banked
   488  01FFC8  6F22               	movwf	34,b	;volatile
   489                           
   490                           ;mcc_generated_files/pin_manager.c: 109:     ODCONF = 0x00;
   491  01FFCA  0E00               	movlw	0
   492  01FFCC  6F2A               	movwf	42,b	;volatile
   493                           
   494                           ;mcc_generated_files/pin_manager.c: 110:     ODCONA = 0x00;
   495  01FFCE  0E00               	movlw	0
   496  01FFD0  6F02               	movwf	2,b	;volatile
   497                           
   498                           ;mcc_generated_files/pin_manager.c: 111:     ODCONB = 0x00;
   499  01FFD2  0E00               	movlw	0
   500  01FFD4  6F0A               	movwf	10,b	;volatile
   501                           
   502                           ;mcc_generated_files/pin_manager.c: 112:     ODCONC = 0x00;
   503  01FFD6  0E00               	movlw	0
   504  01FFD8  6F12               	movwf	18,b	;volatile
   505                           
   506                           ;mcc_generated_files/pin_manager.c: 113:     ODCOND = 0x00;
   507  01FFDA  0E00               	movlw	0
   508  01FFDC  6F1A               	movwf	26,b	;volatile
   509  01FFDE                     
   510                           ; BSR set to: 4
   511                           ;mcc_generated_files/pin_manager.c: 118:     SLRCONA = 0xFF;
   512  01FFDE  6903               	setf	3,b	;volatile
   513  01FFE0                     
   514                           ; BSR set to: 4
   515                           ;mcc_generated_files/pin_manager.c: 119:     SLRCONB = 0xFF;
   516  01FFE0  690B               	setf	11,b	;volatile
   517  01FFE2                     
   518                           ; BSR set to: 4
   519                           ;mcc_generated_files/pin_manager.c: 120:     SLRCONC = 0xFF;
   520  01FFE2  6913               	setf	19,b	;volatile
   521  01FFE4                     
   522                           ; BSR set to: 4
   523                           ;mcc_generated_files/pin_manager.c: 121:     SLRCOND = 0xFF;
   524  01FFE4  691B               	setf	27,b	;volatile
   525                           
   526                           ;mcc_generated_files/pin_manager.c: 122:     SLRCONE = 0x07;
   527  01FFE6  0E07               	movlw	7
   528  01FFE8  6F23               	movwf	35,b	;volatile
   529  01FFEA                     
   530                           ; BSR set to: 4
   531                           ;mcc_generated_files/pin_manager.c: 123:     SLRCONF = 0xFF;
   532  01FFEA  692B               	setf	43,b	;volatile
   533  01FFEC                     
   534                           ; BSR set to: 4
   535                           ;mcc_generated_files/pin_manager.c: 128:     INLVLA = 0xFF;
   536  01FFEC  6904               	setf	4,b	;volatile
   537  01FFEE                     
   538                           ; BSR set to: 4
   539                           ;mcc_generated_files/pin_manager.c: 129:     INLVLB = 0xFF;
   540  01FFEE  690C               	setf	12,b	;volatile
   541  01FFF0                     
   542                           ; BSR set to: 4
   543                           ;mcc_generated_files/pin_manager.c: 130:     INLVLC = 0xFF;
   544  01FFF0  6914               	setf	20,b	;volatile
   545  01FFF2                     
   546                           ; BSR set to: 4
   547                           ;mcc_generated_files/pin_manager.c: 131:     INLVLD = 0xFF;
   548  01FFF2  691C               	setf	28,b	;volatile
   549                           
   550                           ;mcc_generated_files/pin_manager.c: 132:     INLVLE = 0x0F;
   551  01FFF4  0E0F               	movlw	15
   552  01FFF6  6F24               	movwf	36,b	;volatile
   553  01FFF8                     
   554                           ; BSR set to: 4
   555                           ;mcc_generated_files/pin_manager.c: 133:     INLVLF = 0xFF;
   556  01FFF8  692C               	setf	44,b	;volatile
   557  01FFFA                     
   558                           ; BSR set to: 4
   559  01FFFA  0012               	return		;funcret
   560  01FFFC                     __end_of_PIN_MANAGER_Initialize:
   561                           	callstack 0
   562                           
   563 ;; *************** function _OSCILLATOR_Initialize *****************
   564 ;; Defined at:
   565 ;;		line 57 in file "mcc_generated_files/mcc.c"
   566 ;; Parameters:    Size  Location     Type
   567 ;;		None
   568 ;; Auto vars:     Size  Location     Type
   569 ;;		None
   570 ;; Return value:  Size  Location     Type
   571 ;;                  1    wreg      void 
   572 ;; Registers used:
   573 ;;		wreg, status,2
   574 ;; Tracked objects:
   575 ;;		On entry : 0/0
   576 ;;		On exit  : 0/0
   577 ;;		Unchanged: 0/0
   578 ;; Data sizes:     COMRAM   BANK5   BANK6   BANK7   BANK8   BANK9  BANK10  BANK11  BANK12  BANK13  BANK14  BANK15  BANK1
      +6  BANK17  BANK18  BANK19  BANK20  BANK21  BANK22  BANK23  BANK24  BANK25  BANK26  BANK27  BANK28  BANK29  BANK30  BANK3
      +1  BANK32  BANK33  BANK34  BANK35  BANK36  BANK37
   579 ;;      Params:         0       0       0       0       0       0       0       0       0       0       0       0       
      +0       0       0       0       0       0       0       0       0       0       0       0       0       0       0       
      +0       0       0       0       0       0       0
   580 ;;      Locals:         0       0       0       0       0       0       0       0       0       0       0       0       
      +0       0       0       0       0       0       0       0       0       0       0       0       0       0       0       
      +0       0       0       0       0       0       0
   581 ;;      Temps:          0       0       0       0       0       0       0       0       0       0       0       0       
      +0       0       0       0       0       0       0       0       0       0       0       0       0       0       0       
      +0       0       0       0       0       0       0
   582 ;;      Totals:         0       0       0       0       0       0       0       0       0       0       0       0       
      +0       0       0       0       0       0       0       0       0       0       0       0       0       0       0       
      +0       0       0       0       0       0       0
   583 ;;Total ram usage:        0 bytes
   584 ;; Hardware stack levels used: 1
   585 ;; This function calls:
   586 ;;		Nothing
   587 ;; This function is called by:
   588 ;;		_SYSTEM_Initialize
   589 ;; This function uses a non-reentrant model
   590 ;;
   591                           
   592                           	psect	text4
   593  01FED4                     __ptext4:
   594                           	callstack 0
   595  01FED4                     _OSCILLATOR_Initialize:
   596                           	callstack 126
   597  01FED4                     
   598                           ;mcc_generated_files/mcc.c: 60:     OSCCON1 = 0x60;
   599  01FED4  0E60               	movlw	96
   600  01FED6  0100               	movlb	0	; () banked
   601  01FED8  6FAD               	movwf	173,b	;volatile
   602                           
   603                           ;mcc_generated_files/mcc.c: 62:     OSCCON3 = 0x00;
   604  01FEDA  0E00               	movlw	0
   605  01FEDC  6FAF               	movwf	175,b	;volatile
   606                           
   607                           ;mcc_generated_files/mcc.c: 64:     OSCEN = 0x00;
   608  01FEDE  0E00               	movlw	0
   609  01FEE0  6FB3               	movwf	179,b	;volatile
   610                           
   611                           ;mcc_generated_files/mcc.c: 66:     OSCFRQ = 0x08;
   612  01FEE2  0E08               	movlw	8
   613  01FEE4  6FB1               	movwf	177,b	;volatile
   614                           
   615                           ;mcc_generated_files/mcc.c: 68:     OSCTUNE = 0x00;
   616  01FEE6  0E00               	movlw	0
   617  01FEE8  6FB0               	movwf	176,b	;volatile
   618                           
   619                           ;mcc_generated_files/mcc.c: 70:     ACTCON = 0x00;
   620  01FEEA  0E00               	movlw	0
   621  01FEEC  6FAC               	movwf	172,b	;volatile
   622  01FEEE                     
   623                           ; BSR set to: 0
   624  01FEEE  0012               	return		;funcret
   625  01FEF0                     __end_of_OSCILLATOR_Initialize:
   626                           	callstack 0
   627  0000                     
   628                           	psect	rparam
   629  0000                     
   630                           	psect	idloc
   631                           
   632                           ;Config register IDLOC0 @ 0x200000
   633                           ;	unspecified, using default values
   634  200000                     	org	2097152
   635  200000  0FFF               	dw	4095
   636                           
   637                           ;Config register IDLOC1 @ 0x200002
   638                           ;	unspecified, using default values
   639  200002                     	org	2097154
   640  200002  0FFF               	dw	4095
   641                           
   642                           ;Config register IDLOC2 @ 0x200004
   643                           ;	unspecified, using default values
   644  200004                     	org	2097156
   645  200004  0FFF               	dw	4095
   646                           
   647                           ;Config register IDLOC3 @ 0x200006
   648                           ;	unspecified, using default values
   649  200006                     	org	2097158
   650  200006  0FFF               	dw	4095
   651                           
   652                           ;Config register IDLOC4 @ 0x200008
   653                           ;	unspecified, using default values
   654  200008                     	org	2097160
   655  200008  0FFF               	dw	4095
   656                           
   657                           ;Config register IDLOC5 @ 0x20000A
   658                           ;	unspecified, using default values
   659  20000A                     	org	2097162
   660  20000A  0FFF               	dw	4095
   661                           
   662                           ;Config register IDLOC6 @ 0x20000C
   663                           ;	unspecified, using default values
   664  20000C                     	org	2097164
   665  20000C  0FFF               	dw	4095
   666                           
   667                           ;Config register IDLOC7 @ 0x20000E
   668                           ;	unspecified, using default values
   669  20000E                     	org	2097166
   670  20000E  0FFF               	dw	4095
   671                           
   672                           ;Config register IDLOC8 @ 0x200010
   673                           ;	unspecified, using default values
   674  200010                     	org	2097168
   675  200010  0FFF               	dw	4095
   676                           
   677                           ;Config register IDLOC9 @ 0x200012
   678                           ;	unspecified, using default values
   679  200012                     	org	2097170
   680  200012  0FFF               	dw	4095
   681                           
   682                           ;Config register IDLOC10 @ 0x200014
   683                           ;	unspecified, using default values
   684  200014                     	org	2097172
   685  200014  0FFF               	dw	4095
   686                           
   687                           ;Config register IDLOC11 @ 0x200016
   688                           ;	unspecified, using default values
   689  200016                     	org	2097174
   690  200016  0FFF               	dw	4095
   691                           
   692                           ;Config register IDLOC12 @ 0x200018
   693                           ;	unspecified, using default values
   694  200018                     	org	2097176
   695  200018  0FFF               	dw	4095
   696                           
   697                           ;Config register IDLOC13 @ 0x20001A
   698                           ;	unspecified, using default values
   699  20001A                     	org	2097178
   700  20001A  0FFF               	dw	4095
   701                           
   702                           ;Config register IDLOC14 @ 0x20001C
   703                           ;	unspecified, using default values
   704  20001C                     	org	2097180
   705  20001C  0FFF               	dw	4095
   706                           
   707                           ;Config register IDLOC15 @ 0x20001E
   708                           ;	unspecified, using default values
   709  20001E                     	org	2097182
   710  20001E  0FFF               	dw	4095
   711                           
   712                           	psect	config
   713                           
   714                           ;Config register CONFIG1 @ 0x300000
   715                           ;	External Oscillator Selection
   716                           ;	FEXTOSC = OFF, Oscillator not enabled
   717                           ;	Reset Oscillator Selection
   718                           ;	RSTOSC = HFINTOSC_64MHZ, HFINTOSC with HFFRQ = 64 MHz and CDIV = 1:1
   719  300000                     	org	3145728
   720  300000  8C                 	db	140
   721                           
   722                           ;Config register CONFIG2 @ 0x300001
   723                           ;	Clock out Enable bit
   724                           ;	CLKOUTEN = OFF, CLKOUT function is disabled
   725                           ;	PRLOCKED One-Way Set Enable bit
   726                           ;	PR1WAY = ON, PRLOCKED bit can be cleared and set only once
   727                           ;	Clock Switch Enable bit
   728                           ;	CSWEN = ON, Writing to NOSC and NDIV is allowed
   729                           ;	Fail-Safe Clock Monitor Enable bit
   730                           ;	FCMEN = ON, Fail-Safe Clock Monitor enabled
   731  300001                     	org	3145729
   732  300001  FF                 	db	255
   733                           
   734                           ;Config register CONFIG3 @ 0x300002
   735                           ;	MCLR Enable bit
   736                           ;	MCLRE = EXTMCLR, If LVP = 0, MCLR pin is MCLR; If LVP = 1, RE3 pin function is MCLR
   737                           ;	Power-up timer selection bits
   738                           ;	PWRTS = PWRT_OFF, PWRT is disabled
   739                           ;	Multi-vector enable bit
   740                           ;	MVECEN = OFF, Interrupt contoller does not use vector table to prioritze interrupts
   741                           ;	IVTLOCK bit One-way set enable bit
   742                           ;	IVT1WAY = ON, IVTLOCKED bit can be cleared and set only once
   743                           ;	Low Power BOR Enable bit
   744                           ;	LPBOREN = OFF, Low-Power BOR disabled
   745                           ;	Brown-out Reset Enable bits
   746                           ;	BOREN = SBORDIS, Brown-out Reset enabled , SBOREN bit is ignored
   747  300002                     	org	3145730
   748  300002  F7                 	db	247
   749                           
   750                           ;Config register CONFIG4 @ 0x300003
   751                           ;	Brown-out Reset Voltage Selection bits
   752                           ;	BORV = VBOR_1P9, Brown-out Reset Voltage (VBOR) set to 1.9V
   753                           ;	ZCD Disable bit
   754                           ;	ZCD = OFF, ZCD module is disabled. ZCD can be enabled by setting the ZCDSEN bit of ZCD
      +                          CON
   755                           ;	PPSLOCK bit One-Way Set Enable bit
   756                           ;	PPS1WAY = ON, PPSLOCKED bit can be cleared and set only once; PPS registers remain loc
      +                          ked after one clear/set cycle
   757                           ;	Stack Full/Underflow Reset Enable bit
   758                           ;	STVREN = ON, Stack full/underflow will cause Reset
   759                           ;	Low Voltage Programming Enable bit
   760                           ;	LVP = ON, Low voltage programming enabled. MCLR/VPP pin function is MCLR. MCLRE config
      +                          uration bit is ignored
   761                           ;	Extended Instruction Set Enable bit
   762                           ;	XINST = OFF, Extended Instruction Set and Indexed Addressing Mode disabled
   763  300003                     	org	3145731
   764  300003  FF                 	db	255
   765                           
   766                           ;Config register CONFIG5 @ 0x300004
   767                           ;	WDT Period selection bits
   768                           ;	WDTCPS = WDTCPS_31, Divider ratio 1:65536; software control of WDTPS
   769                           ;	WDT operating mode
   770                           ;	WDTE = OFF, WDT Disabled; SWDTEN is ignored
   771  300004                     	org	3145732
   772  300004  9F                 	db	159
   773                           
   774                           ;Config register CONFIG6 @ 0x300005
   775                           ;	WDT Window Select bits
   776                           ;	WDTCWS = WDTCWS_7, window always open (100%); software control; keyed access not requi
      +                          red
   777                           ;	WDT input clock selector
   778                           ;	WDTCCS = SC, Software Control
   779  300005                     	org	3145733
   780  300005  FF                 	db	255
   781                           
   782                           ;Config register CONFIG7 @ 0x300006
   783                           ;	Boot Block Size selection bits
   784                           ;	BBSIZE = BBSIZE_512, Boot Block size is 512 words
   785                           ;	Boot Block enable bit
   786                           ;	BBEN = OFF, Boot block disabled
   787                           ;	Storage Area Flash enable bit
   788                           ;	SAFEN = OFF, SAF disabled
   789                           ;	Background Debugger
   790                           ;	DEBUG = OFF, Background Debugger disabled
   791  300006                     	org	3145734
   792  300006  FF                 	db	255
   793                           
   794                           ;Config register CONFIG8 @ 0x300007
   795                           ;	Boot Block Write Protection bit
   796                           ;	WRTB = OFF, Boot Block not Write protected
   797                           ;	Configuration Register Write Protection bit
   798                           ;	WRTC = OFF, Configuration registers not Write protected
   799                           ;	Data EEPROM Write Protection bit
   800                           ;	WRTD = OFF, Data EEPROM not Write protected
   801                           ;	SAF Write protection bit
   802                           ;	WRTSAF = OFF, SAF not Write Protected
   803                           ;	Application Block write protection bit
   804                           ;	WRTAPP = OFF, Application Block not write protected
   805  300007                     	org	3145735
   806  300007  FF                 	db	255
   807                           
   808                           ; Padding undefined space
   809  300008                     	org	3145736
   810  300008  FF                 	db	255
   811                           
   812                           ;Config register CONFIG10 @ 0x300009
   813                           ;	PFM and Data EEPROM Code Protection bit
   814                           ;	CP = OFF, PFM and Data EEPROM code protection disabled
   815  300009                     	org	3145737
   816  300009  FF                 	db	255
   817                           tosu	equ	0x4FF
   818                           tosh	equ	0x4FE
   819                           tosl	equ	0x4FD
   820                           stkptr	equ	0x4FC
   821                           pclatu	equ	0x4FB
   822                           pclath	equ	0x4FA
   823                           pcl	equ	0x4F9
   824                           tblptru	equ	0x4F8
   825                           tblptrh	equ	0x4F7
   826                           tblptrl	equ	0x4F6
   827                           tablat	equ	0x4F5
   828                           prodh	equ	0x4F4
   829                           prodl	equ	0x4F3
   830                           indf0	equ	0x4EF
   831                           postinc0	equ	0x4EE
   832                           postdec0	equ	0x4ED
   833                           preinc0	equ	0x4EC
   834                           plusw0	equ	0x4EB
   835                           fsr0h	equ	0x4EA
   836                           fsr0l	equ	0x4E9
   837                           wreg	equ	0x4E8
   838                           indf1	equ	0x4E7
   839                           postinc1	equ	0x4E6
   840                           postdec1	equ	0x4E5
   841                           preinc1	equ	0x4E4
   842                           plusw1	equ	0x4E3
   843                           fsr1h	equ	0x4E2
   844                           fsr1l	equ	0x4E1
   845                           bsr	equ	0x4E0
   846                           indf2	equ	0x4DF
   847                           postinc2	equ	0x4DE
   848                           postdec2	equ	0x4DD
   849                           preinc2	equ	0x4DC
   850                           plusw2	equ	0x4DB
   851                           fsr2h	equ	0x4DA
   852                           fsr2l	equ	0x4D9
   853                           status	equ	0x4D8

Data Sizes:
    Strings     0
    Constant    0
    Data        0
    BSS         0
    Persistent  0
    Stack       0

Auto Spaces:
    Space          Size  Autos    Used
    COMRAM           95      2       2
    BANK5           160      0       0
    BANK6           256      0       0
    BANK7           256      0       0
    BANK8           256      0       0
    BANK9           256      0       0
    BANK10          256      0       0
    BANK11          256      0       0
    BANK12          256      0       0
    BANK13          256      0       0
    BANK14          256      0       0
    BANK15          256      0       0
    BANK16          256      0       0
    BANK17          256      0       0
    BANK18          256      0       0
    BANK19          256      0       0
    BANK20          256      0       0
    BANK21          256      0       0
    BANK22          256      0       0
    BANK23          256      0       0
    BANK24          256      0       0
    BANK25          256      0       0
    BANK26          256      0       0
    BANK27          256      0       0
    BANK28          256      0       0
    BANK29          256      0       0
    BANK30          256      0       0
    BANK31          256      0       0
    BANK32          256      0       0
    BANK33          256      0       0
    BANK34          256      0       0
    BANK35          256      0       0
    BANK36          256      0       0
    BANK37          256      0       0

Pointer List with Targets:

    None.

Critical Paths under _main in COMRAM

    None.

Critical Paths under _main in BANK5

    None.

Critical Paths under _main in BANK6

    None.

Critical Paths under _main in BANK7

    None.

Critical Paths under _main in BANK8

    None.

Critical Paths under _main in BANK9

    None.

Critical Paths under _main in BANK10

    None.

Critical Paths under _main in BANK11

    None.

Critical Paths under _main in BANK12

    None.

Critical Paths under _main in BANK13

    None.

Critical Paths under _main in BANK14

    None.

Critical Paths under _main in BANK15

    None.

Critical Paths under _main in BANK16

    None.

Critical Paths under _main in BANK17

    None.

Critical Paths under _main in BANK18

    None.

Critical Paths under _main in BANK19

    None.

Critical Paths under _main in BANK20

    None.

Critical Paths under _main in BANK21

    None.

Critical Paths under _main in BANK22

    None.

Critical Paths under _main in BANK23

    None.

Critical Paths under _main in BANK24

    None.

Critical Paths under _main in BANK25

    None.

Critical Paths under _main in BANK26

    None.

Critical Paths under _main in BANK27

    None.

Critical Paths under _main in BANK28

    None.

Critical Paths under _main in BANK29

    None.

Critical Paths under _main in BANK30

    None.

Critical Paths under _main in BANK31

    None.

Critical Paths under _main in BANK32

    None.

Critical Paths under _main in BANK33

    None.

Critical Paths under _main in BANK34

    None.

Critical Paths under _main in BANK35

    None.

Critical Paths under _main in BANK36

    None.

Critical Paths under _main in BANK37

    None.

Call Graph Tables:

 ---------------------------------------------------------------------------------
 (Depth) Function   	        Calls       Base Space   Used Autos Params    Refs
 ---------------------------------------------------------------------------------
 (0) _main                                                 2     2      0       0
                                              0 COMRAM     2     2      0
                  _SYSTEM_Initialize
 ---------------------------------------------------------------------------------
 (1) _SYSTEM_Initialize                                    0     0      0       0
              _OSCILLATOR_Initialize
             _PIN_MANAGER_Initialize
                     _PMD_Initialize
 ---------------------------------------------------------------------------------
 (2) _PMD_Initialize                                       0     0      0       0
 ---------------------------------------------------------------------------------
 (2) _PIN_MANAGER_Initialize                               0     0      0       0
 ---------------------------------------------------------------------------------
 (2) _OSCILLATOR_Initialize                                0     0      0       0
 ---------------------------------------------------------------------------------
 Estimated maximum stack depth 2
 ---------------------------------------------------------------------------------

 Call Graph Graphs:

 _main (ROOT)
   _SYSTEM_Initialize
     _OSCILLATOR_Initialize
     _PIN_MANAGER_Initialize
     _PMD_Initialize

 Address spaces:
Name               Size   Autos  Total    Cost      Usage
BITCOMRAM           5F      0       0       0        0.0%
EEDATA             400      0       0       0        0.0%
NULL                 0      0       0       0        0.0%
CODE                 0      0       0       0        0.0%
COMRAM              5F      2       2       1        2.1%
STACK                0      0       0       2        0.0%
DATA                 0      0       0       3        0.0%
BITBANK5            A0      0       0       4        0.0%
BANK5               A0      0       0       5        0.0%
BITBANK6           100      0       0       6        0.0%
BANK6              100      0       0       7        0.0%
BITBANK7           100      0       0       8        0.0%
BANK7              100      0       0       9        0.0%
BITBANK8           100      0       0      10        0.0%
BANK8              100      0       0      11        0.0%
BITBANK9           100      0       0      12        0.0%
BANK9              100      0       0      13        0.0%
BITBANK10          100      0       0      14        0.0%
BANK10             100      0       0      15        0.0%
BITBANK11          100      0       0      16        0.0%
BANK11             100      0       0      17        0.0%
BITBANK12          100      0       0      18        0.0%
BANK12             100      0       0      19        0.0%
BITBANK13          100      0       0      20        0.0%
BANK13             100      0       0      21        0.0%
BITBANK14          100      0       0      22        0.0%
BANK14             100      0       0      23        0.0%
BITBANK15          100      0       0      24        0.0%
BANK15             100      0       0      25        0.0%
BITBANK16          100      0       0      26        0.0%
BANK16             100      0       0      27        0.0%
BITBANK17          100      0       0      28        0.0%
BANK17             100      0       0      29        0.0%
BITBANK18          100      0       0      30        0.0%
BANK18             100      0       0      31        0.0%
BITBANK19          100      0       0      32        0.0%
BANK19             100      0       0      33        0.0%
BITBANK20          100      0       0      34        0.0%
BANK20             100      0       0      35        0.0%
BITBANK21          100      0       0      36        0.0%
BANK21             100      0       0      37        0.0%
BITBANK22          100      0       0      38        0.0%
BANK22             100      0       0      39        0.0%
BITBANK23          100      0       0      40        0.0%
BANK23             100      0       0      41        0.0%
BITBANK24          100      0       0      42        0.0%
BANK24             100      0       0      43        0.0%
BITBANK25          100      0       0      44        0.0%
BANK25             100      0       0      45        0.0%
BITBANK26          100      0       0      46        0.0%
BANK26             100      0       0      47        0.0%
BITBANK27          100      0       0      48        0.0%
BANK27             100      0       0      49        0.0%
BITBANK28          100      0       0      50        0.0%
BANK28             100      0       0      51        0.0%
BITBANK29          100      0       0      52        0.0%
BANK29             100      0       0      53        0.0%
BITBANK30          100      0       0      54        0.0%
BANK30             100      0       0      55        0.0%
BITBANK31          100      0       0      56        0.0%
BANK31             100      0       0      57        0.0%
BITBANK32          100      0       0      58        0.0%
BANK32             100      0       0      59        0.0%
BITBANK33          100      0       0      60        0.0%
BANK33             100      0       0      61        0.0%
BITBANK34          100      0       0      62        0.0%
BANK34             100      0       0      63        0.0%
BITBANK35          100      0       0      64        0.0%
BANK35             100      0       0      65        0.0%
BITBANK36          100      0       0      66        0.0%
BANK36             100      0       0      67        0.0%
BANK37             100      0       0      68        0.0%
ABS                  0      0       0      69        0.0%
BITBANK37          100      0       0      70        0.0%
BIGRAM            20FF      0       0      71        0.0%
BITSFR_5             0      0       0     200        0.0%
SFR_5                0      0       0     200        0.0%
BITSFR_4             0      0       0     200        0.0%
SFR_4                0      0       0     200        0.0%
BITSFR_3             0      0       0     200        0.0%
SFR_3                0      0       0     200        0.0%
BITSFR_2             0      0       0     200        0.0%
SFR_2                0      0       0     200        0.0%
BITSFR_1             0      0       0     200        0.0%
SFR_1                0      0       0     200        0.0%
BITSFR               0      0       0     200        0.0%
SFR                  0      0       0     200        0.0%


Microchip Technology PIC18 Macro Assembler V2.32 build 20210201212658 
Symbol Table                                                                                   Sat Aug 06 17:53:33 2022

                             l95 FFFA                               u10 FF28  
                             u11 FF22                               u16 FF2A  
                             u27 FF48                              l141 FF12  
                            l135 FED2                              l138 FEEE  
                            l841 FF84                              l833 FF5E  
                            l851 FFE0                              l843 FF86  
                            l835 FF7E                              l861 FFEE  
                            l853 FFE2                              l845 FF8A  
                            l837 FF80                              l871 FED4  
                            l863 FFF0                              l855 FFE4  
                            l847 FF98                              l839 FF82  
                            l865 FFF2                              l857 FFEA  
                            l849 FFDE                              l873 FEC6  
                            l867 FFF8                              l859 FFEC  
                            l875 FF14                              l869 FEF0  
                            l877 FF18                              l879 FF3E  
        __size_of_PMD_Initialize 0024                              wreg 0004E8  
                           _LATA 0004BE                             _LATB 0004BF  
                           _LATC 0004C0                             _LATD 0004C1  
                           _LATE 0004C2                             _LATF 0004C3  
                           _PMD0 000060                             _PMD1 000061  
                           _PMD3 000063                             _PMD4 000064  
                           _PMD5 000065                             _PMD6 000066  
                           _PMD7 000067                             _PMD8 000068  
                           _WPUA 000401                             _WPUB 000409  
                           _WPUC 000411                             _WPUD 000419  
                           _WPUE 000421                             _WPUF 000429  
                           _main FF14                             start FFFC  
                   ___param_bank 000000   __size_of_OSCILLATOR_Initialize 001C  
  __end_of_OSCILLATOR_Initialize FEF0                            ?_main 0501  
                          _OSCEN 0000B3                            _TRISA 0004C6  
                          _TRISB 0004C7                            _TRISC 0004C8  
                          _TRISD 0004C9                            _TRISE 0004CA  
                          _TRISF 0004CB                  __initialization FEC0  
                   __end_of_main FF5E                           ??_main 0501  
                  __activetblptr 000000                           _ACTCON 0000AC  
                         _ANSELA 000400                           _ANSELB 000408  
                         _ANSELC 000410                           _ANSELD 000418  
                         _ANSELE 000420                           _ANSELF 000428  
                         _RB1I2C 000289                           _RB2I2C 000288  
                         _RC3I2C 000287                           _RC4I2C 000286  
                         _ODCONA 000402                           _ODCONB 00040A  
                         _ODCONC 000412                           _ODCOND 00041A  
                         _ODCONE 000422                           _ODCONF 00042A  
                         _INLVLA 000404                           _INLVLB 00040C  
                         _INLVLC 000414                           _INLVLD 00041C  
                         _INLVLE 000424                           _INLVLF 00042C  
                         _OSCFRQ 0000B1                           isa$std 000001  
                 _PMD_Initialize FEF0                _SYSTEM_Initialize FEC6  
                     __accesstop 0560          __end_of__initialization FEC0  
             ?_SYSTEM_Initialize 0501                    ___rparam_used 000001  
                 __pcstackCOMRAM 0501              ??_SYSTEM_Initialize 0501  
         __end_of_PMD_Initialize FF14        __end_of_SYSTEM_Initialize FED4  
                ?_PMD_Initialize 0501                          _OSCCON1 0000AD  
                        _OSCCON3 0000AF                          _OSCTUNE 0000B0  
                        _SLRCONA 000403                          _SLRCONB 00040B  
                        _SLRCONC 000413                          _SLRCOND 00041B  
                        _SLRCONE 000423                          _SLRCONF 00042B  
                        __Hparam 0000                          __Lparam 0000  
                        __pcinit FEC0                          __ramtop 2600  
                        __ptext0 FF14                          __ptext1 FEC6  
                        __ptext2 FEF0                          __ptext3 FF5E  
                        __ptext4 FED4            _OSCILLATOR_Initialize FED4  
       ??_PIN_MANAGER_Initialize 0501       __size_of_SYSTEM_Initialize 000E  
           end_of_initialization FEC0           ?_OSCILLATOR_Initialize 0501  
            start_initialization FEC0  __size_of_PIN_MANAGER_Initialize 009E  
               ??_PMD_Initialize 0501           _PIN_MANAGER_Initialize FF5E  
                       _LATFbits 0004C3                         __Hrparam 0000  
                       __Lrparam 0000          ??_OSCILLATOR_Initialize 0501  
                  __size_of_main 004A                         isa$xinst 000000  
        ?_PIN_MANAGER_Initialize 0501   __end_of_PIN_MANAGER_Initialize FFFC  
