

Microchip MPLAB XC8 Assembler V2.32 build 20210201212658 
                                                                                               Sun Aug 07 18:29:35 2022

Microchip MPLAB XC8 C Compiler v2.32 (Free license) build 20210201212658 Og1 
     1                           	processor	18F4550
     2                           	fnconf	rparam,??,?,0
     3                           	pagewidth 120
     4                           	opt	flic
     5                           	psect	idataCOMRAM,global,class=CODE,delta=1,noexec
     6                           	psect	cinit,global,reloc=2,class=CODE,delta=1
     7                           	psect	bssCOMRAM,global,class=COMRAM,space=1,delta=1,lowdata,noexec
     8                           	psect	dataCOMRAM,global,class=COMRAM,space=1,delta=1,lowdata,noexec
     9                           	psect	cstackCOMRAM,global,class=COMRAM,space=1,delta=1,lowdata,noexec
    10                           	psect	text0,global,reloc=2,class=CODE,delta=1
    11                           	psect	text1,global,reloc=2,class=CODE,delta=1
    12                           	psect	intsave_regs,global,class=BIGRAM,space=1,delta=1,noexec
    13                           	psect	rparam,global,class=COMRAM,space=1,delta=1,noexec
    14                           	psect	idloc,global,abs,ovrld,class=IDLOC,space=5,delta=1,noexec
    15                           	psect	config,global,abs,ovrld,class=CONFIG,space=4,delta=1,noexec
    16  0000                     
    17                           ; Version 2.40
    18                           ; Generated 17/11/2021 GMT
    19                           ; 
    20                           ; Copyright © 2021, Microchip Technology Inc. and its subsidiaries ("Microchip")
    21                           ; All rights reserved.
    22                           ; 
    23                           ; This software is developed by Microchip Technology Inc. and its subsidiaries ("Microch
      +                          ip").
    24                           ; 
    25                           ; Redistribution and use in source and binary forms, with or without modification, are
    26                           ; permitted provided that the following conditions are met:
    27                           ; 
    28                           ;     1. Redistributions of source code must retain the above copyright notice, this lis
      +                          t of
    29                           ;        conditions and the following disclaimer.
    30                           ; 
    31                           ;     2. Redistributions in binary form must reproduce the above copyright notice, this 
      +                          list
    32                           ;        of conditions and the following disclaimer in the documentation and/or other
    33                           ;        materials provided with the distribution. Publication is not required when
    34                           ;        this file is used in an embedded application.
    35                           ; 
    36                           ;     3. Microchip's name may not be used to endorse or promote products derived from th
      +                          is
    37                           ;        software without specific prior written permission.
    38                           ; 
    39                           ; THIS SOFTWARE IS PROVIDED BY MICROCHIP "AS IS" AND ANY EXPRESS OR IMPLIED WARRANTIES,
    40                           ; INCLUDING, BUT NOT LIMITED TO, THE IMPLIED WARRANTIES OF MERCHANTABILITY AND FITNESS F
      +                          OR
    41                           ; PURPOSE ARE DISCLAIMED.  IN NO EVENT SHALL MICROCHIP BE LIABLE FOR ANY DIRECT, INDIREC
      +                          T,
    42                           ; INCIDENTAL, SPECIAL, EXEMPLARY, OR CONSEQUENTIAL DAMAGES (INCLUDING BUT NOT LIMITED TO
    43                           ; PROCUREMENT OF SUBSTITUTE GOODS OR SERVICES; LOSS OF USE, DATA OR PROFITS; OR BUSINESS
    44                           ; INTERRUPTION) HOWSOEVER CAUSED AND ON ANY THEORY OF LIABILITY, WHETHER IN CONTRACT, ST
      +                          RICT
    45                           ; LIABILITY, OR TORT (INCLUDING NEGLIGENCE OR OTHERWISE) ARISING IN ANY WAY OUT OF THE U
      +                          SE OF
    46                           ; THIS SOFTWARE, EVEN IF ADVISED OF THE POSSIBILITY OF SUCH DAMAGE.
    47                           ; 
    48                           ; 
    49                           ; Code-generator required, PIC18F4550 Definitions
    50                           ; 
    51                           ; SFR Addresses
    52  0000                     
    53                           	psect	idataCOMRAM
    54  007ED8                     __pidataCOMRAM:
    55                           	callstack 0
    56                           
    57                           ;initializer for _Display_7Seg_A
    58  007ED8  C0                 	db	192
    59  007ED9  F9                 	db	249
    60  007EDA  A4                 	db	164
    61  007EDB  B0                 	db	176
    62  007EDC  99                 	db	153
    63  007EDD  92                 	db	146
    64  007EDE  82                 	db	130
    65  007EDF  F8                 	db	248
    66  007EE0  80                 	db	128
    67  007EE1  90                 	db	144
    68  0000                     _PORTC	set	3970
    69  0000                     _TRISC	set	3988
    70  0000                     _LATB	set	3978
    71  0000                     _TRISB	set	3987
    72  0000                     _LATD	set	3980
    73  0000                     _TRISD	set	3989
    74  0000                     _OSCCONbits	set	4051
    75                           
    76                           ; #config settings
    77                           
    78                           	psect	cinit
    79  007EE2                     __pcinit:
    80                           	callstack 0
    81  007EE2                     start_initialization:
    82                           	callstack 0
    83  007EE2                     __initialization:
    84                           	callstack 0
    85                           
    86                           ; Initialize objects allocated to COMRAM (10 bytes)
    87                           ; load TBLPTR registers with __pidataCOMRAM
    88  007EE2  0ED8               	movlw	low __pidataCOMRAM
    89  007EE4  6EF6               	movwf	tblptrl,c
    90  007EE6  0E7E               	movlw	high __pidataCOMRAM
    91  007EE8  6EF7               	movwf	tblptrh,c
    92  007EEA  0E00               	movlw	low (__pidataCOMRAM shr (0+16))
    93  007EEC  6EF8               	movwf	tblptru,c
    94  007EEE  EE00  F001         	lfsr	0,__pdataCOMRAM
    95  007EF2  EE10 F00A          	lfsr	1,10
    96  007EF6                     copy_data0:
    97  007EF6  0009               	tblrd		*+
    98  007EF8  CFF5 FFEE          	movff	tablat,postinc0
    99  007EFC  50E5               	movf	postdec1,w,c
   100  007EFE  50E1               	movf	fsr1l,w,c
   101  007F00  E1FA               	bnz	copy_data0
   102                           
   103                           ; Clear objects allocated to COMRAM (4 bytes)
   104  007F02  6A13               	clrf	(__pbssCOMRAM+3)& (0+255),c
   105  007F04  6A12               	clrf	(__pbssCOMRAM+2)& (0+255),c
   106  007F06  6A11               	clrf	(__pbssCOMRAM+1)& (0+255),c
   107  007F08  6A10               	clrf	__pbssCOMRAM& (0+255),c
   108  007F0A                     end_of_initialization:
   109                           	callstack 0
   110  007F0A                     __end_of__initialization:
   111                           	callstack 0
   112  007F0A  0100               	movlb	0
   113  007F0C  EF88  F03F         	goto	_main	;jump to C main() function
   114                           
   115                           	psect	bssCOMRAM
   116  000010                     __pbssCOMRAM:
   117                           	callstack 0
   118  000010                     _unidades:
   119                           	callstack 0
   120  000010                     	ds	1
   121  000011                     _decenas:
   122                           	callstack 0
   123  000011                     	ds	1
   124  000012                     _j:
   125                           	callstack 0
   126  000012                     	ds	1
   127  000013                     _i:
   128                           	callstack 0
   129  000013                     	ds	1
   130                           
   131                           	psect	dataCOMRAM
   132  000001                     __pdataCOMRAM:
   133                           	callstack 0
   134  000001                     _Display_7Seg_A:
   135                           	callstack 0
   136  000001                     	ds	10
   137                           
   138                           	psect	cstackCOMRAM
   139  00000B                     __pcstackCOMRAM:
   140                           	callstack 0
   141  00000B                     
   142                           ; 2 bytes @ 0x0
   143  00000B                     	ds	2
   144  00000D                     
   145                           ; 3 bytes @ 0x2
   146  00000D                     	ds	3
   147  000010                     
   148                           ; 1 bytes @ 0x5
   149 ;;
   150 ;;Main: autosize = 0, tempsize = 0, incstack = 0, save=0
   151 ;;
   152 ;; *************** function _main *****************
   153 ;; Defined at:
   154 ;;		line 20 in file "main.c"
   155 ;; Parameters:    Size  Location     Type
   156 ;;  argc            2    0[COMRAM] int 
   157 ;;  argv            3    2[COMRAM] PTR PTR unsigned char 
   158 ;; Auto vars:     Size  Location     Type
   159 ;;		None
   160 ;; Return value:  Size  Location     Type
   161 ;;                  2    0[COMRAM] int 
   162 ;; Registers used:
   163 ;;		wreg, fsr2l, fsr2h, status,2, status,0, cstack
   164 ;; Tracked objects:
   165 ;;		On entry : 0/0
   166 ;;		On exit  : 0/0
   167 ;;		Unchanged: 0/0
   168 ;; Data sizes:     COMRAM   BANK0   BANK1   BANK2   BANK3   BANK4   BANK5   BANK6   BANK7
   169 ;;      Params:         5       0       0       0       0       0       0       0       0
   170 ;;      Locals:         0       0       0       0       0       0       0       0       0
   171 ;;      Temps:          0       0       0       0       0       0       0       0       0
   172 ;;      Totals:         5       0       0       0       0       0       0       0       0
   173 ;;Total ram usage:        5 bytes
   174 ;; Hardware stack levels required when called: 1
   175 ;; This function calls:
   176 ;;		_ConfigClock
   177 ;; This function is called by:
   178 ;;		Startup code after reset
   179 ;; This function uses a non-reentrant model
   180 ;;
   181                           
   182                           	psect	text0
   183  007F10                     __ptext0:
   184                           	callstack 0
   185  007F10                     _main:
   186                           	callstack 30
   187  007F10                     
   188                           ;main.c: 22:     ConfigClock();
   189  007F10  EC69  F03F         	call	_ConfigClock	;wreg free
   190  007F14                     
   191                           ;main.c: 23:     TRISD = 0X00;
   192  007F14  0E00               	movlw	0
   193  007F16  6E95               	movwf	149,c	;volatile
   194  007F18                     
   195                           ;main.c: 24:     LATD = 0XFF;
   196  007F18  688C               	setf	140,c	;volatile
   197  007F1A                     
   198                           ;main.c: 25:     TRISB = 0X00;
   199  007F1A  0E00               	movlw	0
   200  007F1C  6E93               	movwf	147,c	;volatile
   201  007F1E                     
   202                           ;main.c: 26:     LATB = 0XFF;
   203  007F1E  688A               	setf	138,c	;volatile
   204  007F20                     
   205                           ;main.c: 29:     TRISC |= (1<<0) | (1<<1);
   206  007F20  0E03               	movlw	3
   207  007F22  1294               	iorwf	148,f,c	;volatile
   208  007F24                     l821:
   209                           
   210                           ;main.c: 33:         if ((PORTC & (1<<0)) == 0) {
   211  007F24  B082               	btfsc	130,0,c	;volatile
   212  007F26  EF97  F03F         	goto	u131
   213  007F2A  EF99  F03F         	goto	u130
   214  007F2E                     u131:
   215  007F2E  EFB8  F03F         	goto	l837
   216  007F32                     u130:
   217  007F32                     l38:
   218  007F32  A082               	btfss	130,0,c	;volatile
   219  007F34  EF9E  F03F         	goto	u141
   220  007F38  EFA0  F03F         	goto	u140
   221  007F3C                     u141:
   222  007F3C  EF99  F03F         	goto	l38
   223  007F40                     u140:
   224  007F40                     
   225                           ;main.c: 35:             unidades++;
   226  007F40  2A10               	incf	_unidades^0,f,c
   227  007F42                     
   228                           ;main.c: 36:             if (unidades == 10) {
   229  007F42  0E0A               	movlw	10
   230  007F44  1810               	xorwf	_unidades^0,w,c
   231  007F46  A4D8               	btfss	status,2,c
   232  007F48  EFA8  F03F         	goto	u151
   233  007F4C  EFAA  F03F         	goto	u150
   234  007F50                     u151:
   235  007F50  EFAD  F03F         	goto	l833
   236  007F54                     u150:
   237  007F54                     
   238                           ;main.c: 37:             unidades = 0;
   239  007F54  0E00               	movlw	0
   240  007F56  6E10               	movwf	_unidades^0,c
   241  007F58                     
   242                           ;main.c: 38:             decenas++;
   243  007F58  2A11               	incf	_decenas^0,f,c
   244  007F5A                     l833:
   245                           
   246                           ;main.c: 40:             if (decenas == 10) {
   247  007F5A  0E0A               	movlw	10
   248  007F5C  1811               	xorwf	_decenas^0,w,c
   249  007F5E  A4D8               	btfss	status,2,c
   250  007F60  EFB4  F03F         	goto	u161
   251  007F64  EFB6  F03F         	goto	u160
   252  007F68                     u161:
   253  007F68  EFB8  F03F         	goto	l837
   254  007F6C                     u160:
   255  007F6C                     
   256                           ;main.c: 41:                 decenas = 0;
   257  007F6C  0E00               	movlw	0
   258  007F6E  6E11               	movwf	_decenas^0,c
   259  007F70                     l837:
   260                           
   261                           ;main.c: 47:         if ((PORTC & (1<<1)) != 0) {
   262  007F70  A282               	btfss	130,1,c	;volatile
   263  007F72  EFBD  F03F         	goto	u171
   264  007F76  EFBF  F03F         	goto	u170
   265  007F7A                     u171:
   266  007F7A  EFEC  F03F         	goto	l855
   267  007F7E                     u170:
   268  007F7E                     l44:
   269  007F7E  B282               	btfsc	130,1,c	;volatile
   270  007F80  EFC4  F03F         	goto	u181
   271  007F84  EFC6  F03F         	goto	u180
   272  007F88                     u181:
   273  007F88  EFBF  F03F         	goto	l44
   274  007F8C                     u180:
   275  007F8C                     
   276                           ;main.c: 49:             unidades--;
   277  007F8C  0610               	decf	_unidades^0,f,c
   278  007F8E                     
   279                           ;main.c: 50:             if ( (decenas == 0 ) && (unidades == 255)) {
   280  007F8E  5011               	movf	_decenas^0,w,c
   281  007F90  A4D8               	btfss	status,2,c
   282  007F92  EFCD  F03F         	goto	u191
   283  007F96  EFCF  F03F         	goto	u190
   284  007F9A                     u191:
   285  007F9A  EFD9  F03F         	goto	l47
   286  007F9E                     u190:
   287  007F9E  2810               	incf	_unidades^0,w,c
   288  007FA0  A4D8               	btfss	status,2,c
   289  007FA2  EFD5  F03F         	goto	u201
   290  007FA6  EFD7  F03F         	goto	u200
   291  007FAA                     u201:
   292  007FAA  EFD9  F03F         	goto	l47
   293  007FAE                     u200:
   294  007FAE                     
   295                           ;main.c: 51:             unidades = 0;
   296  007FAE  0E00               	movlw	0
   297  007FB0  6E10               	movwf	_unidades^0,c
   298  007FB2                     l47:
   299                           
   300                           ;main.c: 53:             if ((decenas > 0 ) && (unidades == 255)) {
   301  007FB2  5011               	movf	_decenas^0,w,c
   302  007FB4  B4D8               	btfsc	status,2,c
   303  007FB6  EFDF  F03F         	goto	u211
   304  007FBA  EFE1  F03F         	goto	u210
   305  007FBE                     u211:
   306  007FBE  EFEC  F03F         	goto	l855
   307  007FC2                     u210:
   308  007FC2  2810               	incf	_unidades^0,w,c
   309  007FC4  A4D8               	btfss	status,2,c
   310  007FC6  EFE7  F03F         	goto	u221
   311  007FCA  EFE9  F03F         	goto	u220
   312  007FCE                     u221:
   313  007FCE  EFEC  F03F         	goto	l855
   314  007FD2                     u220:
   315  007FD2                     
   316                           ;main.c: 54:                 unidades = 9;
   317  007FD2  0E09               	movlw	9
   318  007FD4  6E10               	movwf	_unidades^0,c
   319  007FD6                     
   320                           ;main.c: 55:                 decenas--;
   321  007FD6  0611               	decf	_decenas^0,f,c
   322  007FD8                     l855:
   323                           
   324                           ;main.c: 59:             LATD = Display_7Seg_A[unidades];
   325  007FD8  0E01               	movlw	low _Display_7Seg_A
   326  007FDA  2410               	addwf	_unidades^0,w,c
   327  007FDC  6ED9               	movwf	fsr2l,c
   328  007FDE  6ADA               	clrf	fsr2h,c
   329  007FE0  0E00               	movlw	high _Display_7Seg_A
   330  007FE2  22DA               	addwfc	fsr2h,f,c
   331  007FE4  50DF               	movf	indf2,w,c
   332  007FE6  6E8C               	movwf	140,c	;volatile
   333  007FE8                     
   334                           ;main.c: 60:             LATB = Display_7Seg_A[decenas];
   335  007FE8  0E01               	movlw	low _Display_7Seg_A
   336  007FEA  2411               	addwf	_decenas^0,w,c
   337  007FEC  6ED9               	movwf	fsr2l,c
   338  007FEE  6ADA               	clrf	fsr2h,c
   339  007FF0  0E00               	movlw	high _Display_7Seg_A
   340  007FF2  22DA               	addwfc	fsr2h,f,c
   341  007FF4  50DF               	movf	indf2,w,c
   342  007FF6  6E8A               	movwf	138,c	;volatile
   343                           
   344                           ;main.c: 63:         }
   345  007FF8  EF92  F03F         	goto	l821
   346  007FFC  EF00  F000         	goto	start
   347  008000                     __end_of_main:
   348                           	callstack 0
   349                           
   350 ;; *************** function _ConfigClock *****************
   351 ;; Defined at:
   352 ;;		line 78 in file "Configuracion.c"
   353 ;; Parameters:    Size  Location     Type
   354 ;;		None
   355 ;; Auto vars:     Size  Location     Type
   356 ;;		None
   357 ;; Return value:  Size  Location     Type
   358 ;;                  1    wreg      void 
   359 ;; Registers used:
   360 ;;		wreg, status,2
   361 ;; Tracked objects:
   362 ;;		On entry : 0/0
   363 ;;		On exit  : 0/0
   364 ;;		Unchanged: 0/0
   365 ;; Data sizes:     COMRAM   BANK0   BANK1   BANK2   BANK3   BANK4   BANK5   BANK6   BANK7
   366 ;;      Params:         0       0       0       0       0       0       0       0       0
   367 ;;      Locals:         0       0       0       0       0       0       0       0       0
   368 ;;      Temps:          0       0       0       0       0       0       0       0       0
   369 ;;      Totals:         0       0       0       0       0       0       0       0       0
   370 ;;Total ram usage:        0 bytes
   371 ;; Hardware stack levels used: 1
   372 ;; This function calls:
   373 ;;		Nothing
   374 ;; This function is called by:
   375 ;;		_main
   376 ;; This function uses a non-reentrant model
   377 ;;
   378                           
   379                           	psect	text1
   380  007ED2                     __ptext1:
   381                           	callstack 0
   382  007ED2                     _ConfigClock:
   383                           	callstack 30
   384  007ED2  0E70               	movlw	112
   385  007ED4  12D3               	iorwf	211,f,c	;volatile
   386  007ED6  0012               	return		;funcret
   387  007ED8                     __end_of_ConfigClock:
   388                           	callstack 0
   389  0000                     
   390                           	psect	rparam
   391  0000                     
   392                           	psect	idloc
   393                           
   394                           ;Config register IDLOC0 @ 0x200000
   395                           ;	unspecified, using default values
   396  200000                     	org	2097152
   397  200000  FF                 	db	255
   398                           
   399                           ;Config register IDLOC1 @ 0x200001
   400                           ;	unspecified, using default values
   401  200001                     	org	2097153
   402  200001  FF                 	db	255
   403                           
   404                           ;Config register IDLOC2 @ 0x200002
   405                           ;	unspecified, using default values
   406  200002                     	org	2097154
   407  200002  FF                 	db	255
   408                           
   409                           ;Config register IDLOC3 @ 0x200003
   410                           ;	unspecified, using default values
   411  200003                     	org	2097155
   412  200003  FF                 	db	255
   413                           
   414                           ;Config register IDLOC4 @ 0x200004
   415                           ;	unspecified, using default values
   416  200004                     	org	2097156
   417  200004  FF                 	db	255
   418                           
   419                           ;Config register IDLOC5 @ 0x200005
   420                           ;	unspecified, using default values
   421  200005                     	org	2097157
   422  200005  FF                 	db	255
   423                           
   424                           ;Config register IDLOC6 @ 0x200006
   425                           ;	unspecified, using default values
   426  200006                     	org	2097158
   427  200006  FF                 	db	255
   428                           
   429                           ;Config register IDLOC7 @ 0x200007
   430                           ;	unspecified, using default values
   431  200007                     	org	2097159
   432  200007  FF                 	db	255
   433                           
   434                           	psect	config
   435                           
   436                           ;Config register CONFIG1L @ 0x300000
   437                           ;	PLL Prescaler Selection bits
   438                           ;	PLLDIV = 1, No prescale (4 MHz oscillator input drives PLL directly)
   439                           ;	System Clock Postscaler Selection bits
   440                           ;	CPUDIV = OSC1_PLL2, [Primary Oscillator Src: /1][96 MHz PLL Src: /2]
   441                           ;	USB Clock Selection bit (used in Full-Speed USB mode only; UCFG:FSEN = 1)
   442                           ;	USBDIV = 1, USB clock source comes directly from the primary oscillator block with no 
      +                          postscale
   443  300000                     	org	3145728
   444  300000  00                 	db	0
   445                           
   446                           ;Config register CONFIG1H @ 0x300001
   447                           ;	Oscillator Selection bits
   448                           ;	FOSC = INTOSC_XT, Internal oscillator, XT used by USB (INTXT)
   449                           ;	Fail-Safe Clock Monitor Enable bit
   450                           ;	FCMEN = OFF, Fail-Safe Clock Monitor disabled
   451                           ;	Internal/External Oscillator Switchover bit
   452                           ;	IESO = OFF, Oscillator Switchover mode disabled
   453  300001                     	org	3145729
   454  300001  0A                 	db	10
   455                           
   456                           ;Config register CONFIG2L @ 0x300002
   457                           ;	Power-up Timer Enable bit
   458                           ;	PWRT = OFF, PWRT disabled
   459                           ;	Brown-out Reset Enable bits
   460                           ;	BOR = ON, Brown-out Reset enabled in hardware only (SBOREN is disabled)
   461                           ;	Brown-out Reset Voltage bits
   462                           ;	BORV = 3, Minimum setting 2.05V
   463                           ;	USB Voltage Regulator Enable bit
   464                           ;	VREGEN = OFF, USB voltage regulator disabled
   465  300002                     	org	3145730
   466  300002  1F                 	db	31
   467                           
   468                           ;Config register CONFIG2H @ 0x300003
   469                           ;	Watchdog Timer Enable bit
   470                           ;	WDT = OFF, WDT disabled (control is placed on the SWDTEN bit)
   471                           ;	Watchdog Timer Postscale Select bits
   472                           ;	WDTPS = 32768, 1:32768
   473  300003                     	org	3145731
   474  300003  1E                 	db	30
   475                           
   476                           ; Padding undefined space
   477  300004                     	org	3145732
   478  300004  FF                 	db	255
   479                           
   480                           ;Config register CONFIG3H @ 0x300005
   481                           ;	CCP2 MUX bit
   482                           ;	CCP2MX = ON, CCP2 input/output is multiplexed with RC1
   483                           ;	PORTB A/D Enable bit
   484                           ;	PBADEN = ON, PORTB<4:0> pins are configured as analog input channels on Reset
   485                           ;	Low-Power Timer 1 Oscillator Enable bit
   486                           ;	LPT1OSC = OFF, Timer1 configured for higher power operation
   487                           ;	MCLR Pin Enable bit
   488                           ;	MCLRE = ON, MCLR pin enabled; RE3 input pin disabled
   489  300005                     	org	3145733
   490  300005  83                 	db	131
   491                           
   492                           ;Config register CONFIG4L @ 0x300006
   493                           ;	Stack Full/Underflow Reset Enable bit
   494                           ;	STVREN = ON, Stack full/underflow will cause Reset
   495                           ;	Single-Supply ICSP Enable bit
   496                           ;	LVP = ON, Single-Supply ICSP enabled
   497                           ;	Dedicated In-Circuit Debug/Programming Port (ICPORT) Enable bit
   498                           ;	ICPRT = OFF, ICPORT disabled
   499                           ;	Extended Instruction Set Enable bit
   500                           ;	XINST = OFF, Instruction set extension and Indexed Addressing mode disabled (Legacy mo
      +                          de)
   501                           ;	Background Debugger Enable bit
   502                           ;	DEBUG = 0x1, unprogrammed default
   503  300006                     	org	3145734
   504  300006  85                 	db	133
   505                           
   506                           ; Padding undefined space
   507  300007                     	org	3145735
   508  300007  FF                 	db	255
   509                           
   510                           ;Config register CONFIG5L @ 0x300008
   511                           ;	Code Protection bit
   512                           ;	CP0 = OFF, Block 0 (000800-001FFFh) is not code-protected
   513                           ;	Code Protection bit
   514                           ;	CP1 = OFF, Block 1 (002000-003FFFh) is not code-protected
   515                           ;	Code Protection bit
   516                           ;	CP2 = OFF, Block 2 (004000-005FFFh) is not code-protected
   517                           ;	Code Protection bit
   518                           ;	CP3 = OFF, Block 3 (006000-007FFFh) is not code-protected
   519  300008                     	org	3145736
   520  300008  0F                 	db	15
   521                           
   522                           ;Config register CONFIG5H @ 0x300009
   523                           ;	Boot Block Code Protection bit
   524                           ;	CPB = OFF, Boot block (000000-0007FFh) is not code-protected
   525                           ;	Data EEPROM Code Protection bit
   526                           ;	CPD = OFF, Data EEPROM is not code-protected
   527  300009                     	org	3145737
   528  300009  C0                 	db	192
   529                           
   530                           ;Config register CONFIG6L @ 0x30000A
   531                           ;	Write Protection bit
   532                           ;	WRT0 = OFF, Block 0 (000800-001FFFh) is not write-protected
   533                           ;	Write Protection bit
   534                           ;	WRT1 = OFF, Block 1 (002000-003FFFh) is not write-protected
   535                           ;	Write Protection bit
   536                           ;	WRT2 = OFF, Block 2 (004000-005FFFh) is not write-protected
   537                           ;	Write Protection bit
   538                           ;	WRT3 = OFF, Block 3 (006000-007FFFh) is not write-protected
   539  30000A                     	org	3145738
   540  30000A  0F                 	db	15
   541                           
   542                           ;Config register CONFIG6H @ 0x30000B
   543                           ;	Configuration Register Write Protection bit
   544                           ;	WRTC = OFF, Configuration registers (300000-3000FFh) are not write-protected
   545                           ;	Boot Block Write Protection bit
   546                           ;	WRTB = OFF, Boot block (000000-0007FFh) is not write-protected
   547                           ;	Data EEPROM Write Protection bit
   548                           ;	WRTD = OFF, Data EEPROM is not write-protected
   549  30000B                     	org	3145739
   550  30000B  E0                 	db	224
   551                           
   552                           ;Config register CONFIG7L @ 0x30000C
   553                           ;	Table Read Protection bit
   554                           ;	EBTR0 = OFF, Block 0 (000800-001FFFh) is not protected from table reads executed in ot
      +                          her blocks
   555                           ;	Table Read Protection bit
   556                           ;	EBTR1 = OFF, Block 1 (002000-003FFFh) is not protected from table reads executed in ot
      +                          her blocks
   557                           ;	Table Read Protection bit
   558                           ;	EBTR2 = OFF, Block 2 (004000-005FFFh) is not protected from table reads executed in ot
      +                          her blocks
   559                           ;	Table Read Protection bit
   560                           ;	EBTR3 = OFF, Block 3 (006000-007FFFh) is not protected from table reads executed in ot
      +                          her blocks
   561  30000C                     	org	3145740
   562  30000C  0F                 	db	15
   563                           
   564                           ;Config register CONFIG7H @ 0x30000D
   565                           ;	Boot Block Table Read Protection bit
   566                           ;	EBTRB = OFF, Boot block (000000-0007FFh) is not protected from table reads executed in
      +                           other blocks
   567  30000D                     	org	3145741
   568  30000D  40                 	db	64
   569                           tosu	equ	0xFFF
   570                           tosh	equ	0xFFE
   571                           tosl	equ	0xFFD
   572                           stkptr	equ	0xFFC
   573                           pclatu	equ	0xFFB
   574                           pclath	equ	0xFFA
   575                           pcl	equ	0xFF9
   576                           tblptru	equ	0xFF8
   577                           tblptrh	equ	0xFF7
   578                           tblptrl	equ	0xFF6
   579                           tablat	equ	0xFF5
   580                           prodh	equ	0xFF4
   581                           prodl	equ	0xFF3
   582                           indf0	equ	0xFEF
   583                           postinc0	equ	0xFEE
   584                           postdec0	equ	0xFED
   585                           preinc0	equ	0xFEC
   586                           plusw0	equ	0xFEB
   587                           fsr0h	equ	0xFEA
   588                           fsr0l	equ	0xFE9
   589                           wreg	equ	0xFE8
   590                           indf1	equ	0xFE7
   591                           postinc1	equ	0xFE6
   592                           postdec1	equ	0xFE5
   593                           preinc1	equ	0xFE4
   594                           plusw1	equ	0xFE3
   595                           fsr1h	equ	0xFE2
   596                           fsr1l	equ	0xFE1
   597                           bsr	equ	0xFE0
   598                           indf2	equ	0xFDF
   599                           postinc2	equ	0xFDE
   600                           postdec2	equ	0xFDD
   601                           preinc2	equ	0xFDC
   602                           plusw2	equ	0xFDB
   603                           fsr2h	equ	0xFDA
   604                           fsr2l	equ	0xFD9
   605                           status	equ	0xFD8

Data Sizes:
    Strings     0
    Constant    0
    Data        10
    BSS         4
    Persistent  0
    Stack       0

Auto Spaces:
    Space          Size  Autos    Used
    COMRAM           95      5      19
    BANK0           160      0       0
    BANK1           256      0       0
    BANK2           256      0       0
    BANK3           256      0       0
    BANK4           256      0       0
    BANK5           256      0       0
    BANK6           256      0       0
    BANK7           256      0       0

Pointer List with Targets:

    None.

Critical Paths under _main in COMRAM

    None.

Critical Paths under _main in BANK0

    None.

Critical Paths under _main in BANK1

    None.

Critical Paths under _main in BANK2

    None.

Critical Paths under _main in BANK3

    None.

Critical Paths under _main in BANK4

    None.

Critical Paths under _main in BANK5

    None.

Critical Paths under _main in BANK6

    None.

Critical Paths under _main in BANK7

    None.

Call Graph Tables:

 ---------------------------------------------------------------------------------
 (Depth) Function   	        Calls       Base Space   Used Autos Params    Refs
 ---------------------------------------------------------------------------------
 (0) _main                                                 5     0      5       0
                                              0 COMRAM     5     0      5
                        _ConfigClock
 ---------------------------------------------------------------------------------
 (1) _ConfigClock                                          0     0      0       0
 ---------------------------------------------------------------------------------
 Estimated maximum stack depth 1
 ---------------------------------------------------------------------------------

 Call Graph Graphs:

 _main (ROOT)
   _ConfigClock

 Address spaces:
Name               Size   Autos  Total    Cost      Usage
BIGRAM             7FF      0       0      21        0.0%
EEDATA             100      0       0       0        0.0%
BITBANK7           100      0       0      18        0.0%
BANK7              100      0       0      19        0.0%
BITBANK6           100      0       0      16        0.0%
BANK6              100      0       0      17        0.0%
BITBANK5           100      0       0      14        0.0%
BANK5              100      0       0      15        0.0%
BITBANK4           100      0       0      12        0.0%
BANK4              100      0       0      13        0.0%
BITBANK3           100      0       0      10        0.0%
BANK3              100      0       0      11        0.0%
BITBANK2           100      0       0       8        0.0%
BANK2              100      0       0       9        0.0%
BITBANK1           100      0       0       6        0.0%
BANK1              100      0       0       7        0.0%
BITBANK0            A0      0       0       4        0.0%
BANK0               A0      0       0       5        0.0%
BITCOMRAM           5F      0       0       0        0.0%
COMRAM              5F      5      13       1       20.0%
BITSFR               0      0       0     200        0.0%
SFR                  0      0       0     200        0.0%
STACK                0      0       0       2        0.0%
NULL                 0      0       0       0        0.0%
ABS                  0      0      13      20        0.0%
DATA                 0      0      13       3        0.0%
CODE                 0      0       0       0        0.0%


Microchip Technology PIC18 Macro Assembler V2.32 build 20210201212658 
Symbol Table                                                                                   Sun Aug 07 18:29:35 2022

                      l5 7ED6                        _i 0013                        _j 0012  
                     l44 7F7E                       l38 7F32                       l47 7FB2  
                    l811 7F14                      l733 7ED2                      l821 7F24  
                    l813 7F18                      l831 7F58                      l815 7F1A  
                    l841 7F8C                      l833 7F5A                      l825 7F40  
                    l817 7F1E                      l809 7F10                      l851 7FD2  
                    l843 7F8E                      l835 7F6C                      l827 7F42  
                    l819 7F20                      l853 7FD6                      l845 7F9E  
                    l829 7F54                      l837 7F70                      l847 7FAE  
                    l855 7FD8                      l857 7FE8                      l849 7FC2  
                    u200 7FAE                      u201 7FAA                      u210 7FC2  
                    u130 7F32                      u211 7FBE                      u131 7F2E  
                    u220 7FD2                      u140 7F40                      u221 7FCE  
                    u141 7F3C                      u150 7F54                      u151 7F50  
                    u160 7F6C                      u161 7F68                      u170 7F7E  
                    u171 7F7A                      u180 7F8C                      u181 7F88  
                    u190 7F9E                      u191 7F9A                     _LATB 000F8A  
                   _LATD 000F8C                     _main 7F10                     indf2 000FDF  
                   fsr1l 000FE1                     fsr2l 000FD9                     start 0000  
    __end_of_ConfigClock 7ED8             ___param_bank 000000                    ?_main 000B  
                  _PORTC 000F82                    _TRISB 000F93                    _TRISC 000F94  
                  _TRISD 000F95                    tablat 000FF5                    status 000FD8  
        __initialization 7EE2             __end_of_main 8000                   ??_main 0010  
          __activetblptr 000000              _ConfigClock 7ED2                   isa$std 000001  
           __pdataCOMRAM 0001                   tblptrh 000FF7                   tblptrl 000FF6  
                 tblptru 000FF8               __accesstop 0060  __end_of__initialization 7F0A  
          ___rparam_used 000001           __pcstackCOMRAM 000B                  __Hparam 0000  
                __Lparam 0000                  _decenas 0011                  __pcinit 7EE2  
                __ramtop 0800                  __ptext0 7F10                  __ptext1 7ED2  
   end_of_initialization 7F0A             ?_ConfigClock 000B                  postdec1 000FE5  
                postinc0 000FEE            __pidataCOMRAM 7ED8      start_initialization 7EE2  
         _Display_7Seg_A 0001              __pbssCOMRAM 0010     __size_of_ConfigClock 0006  
              copy_data0 7EF6                 __Hrparam 0000                 __Lrparam 0000  
          __size_of_main 00F0                 isa$xinst 000000                 _unidades 0010  
               main@argc 000B                 main@argv 000D               _OSCCONbits 000FD3  
          ??_ConfigClock 000B  
