

Microchip MPLAB XC8 Assembler V2.32 build 20210201212658 
                                                                                               Sun Aug 28 17:25:44 2022

Microchip MPLAB XC8 C Compiler v2.32 (Free license) build 20210201212658 Og1 
     1                           	processor	18F57Q43
     2                           	fnconf	rparam,??,?,0
     3                           	pagewidth 120
     4                           	opt	flic
     5                           	psect	smallconst,global,reloc=2,class=SMALLCONST,delta=1,noexec
     6                           	psect	cinit,global,reloc=2,class=CODE,delta=1
     7                           	psect	cstackCOMRAM,global,class=COMRAM,space=1,delta=1,lowdata,noexec
     8                           	psect	text0,global,reloc=2,class=CODE,delta=1
     9                           	psect	text1,global,reloc=2,class=CODE,delta=1
    10                           	psect	text2,global,reloc=2,class=CODE,delta=1
    11                           	psect	text3,global,reloc=2,class=CODE,delta=1
    12                           	psect	text4,global,reloc=2,class=CODE,delta=1
    13                           	psect	text5,global,reloc=4,class=CODE,delta=1
    14                           	psect	text6,global,reloc=4,class=CODE,delta=1
    15                           	psect	ivt0x400,global,reloc=2,class=CODE,delta=1,noexec,keep,optim=
    16                           	psect	intsave_regs,global,class=BIGRAM,space=1,delta=1,noexec
    17                           	psect	rparam,global,class=COMRAM,space=1,delta=1,noexec
    18                           	psect	idloc,global,abs,ovrld,class=IDLOC,space=5,delta=1,noexec
    19                           	psect	config,global,abs,ovrld,class=CONFIG,space=4,delta=1,noexec
    20  0000                     
    21                           ; Generated 17/06/2022 GMT
    22                           ; 
    23                           ; Copyright © 2022, Microchip Technology Inc. and its subsidiaries ("Microchip")
    24                           ; All rights reserved.
    25                           ; 
    26                           ; This software is developed by Microchip Technology Inc. and its subsidiaries ("Microch
      +                          ip").
    27                           ; 
    28                           ; Redistribution and use in source and binary forms, with or without modification, are
    29                           ; permitted provided that the following conditions are met:
    30                           ; 
    31                           ;     1. Redistributions of source code must retain the above copyright notice, this lis
      +                          t of
    32                           ;        conditions and the following disclaimer.
    33                           ; 
    34                           ;     2. Redistributions in binary form must reproduce the above copyright notice, this 
      +                          list
    35                           ;        of conditions and the following disclaimer in the documentation and/or other
    36                           ;        materials provided with the distribution. Publication is not required when
    37                           ;        this file is used in an embedded application.
    38                           ; 
    39                           ;     3. Microchip's name may not be used to endorse or promote products derived from th
      +                          is
    40                           ;        software without specific prior written permission.
    41                           ; 
    42                           ; THIS SOFTWARE IS PROVIDED BY MICROCHIP "AS IS" AND ANY EXPRESS OR IMPLIED WARRANTIES,
    43                           ; INCLUDING, BUT NOT LIMITED TO, THE IMPLIED WARRANTIES OF MERCHANTABILITY AND FITNESS F
      +                          OR
    44                           ; PURPOSE ARE DISCLAIMED.  IN NO EVENT SHALL MICROCHIP BE LIABLE FOR ANY DIRECT, INDIREC
      +                          T,
    45                           ; INCIDENTAL, SPECIAL, EXEMPLARY, OR CONSEQUENTIAL DAMAGES (INCLUDING BUT NOT LIMITED TO
    46                           ; PROCUREMENT OF SUBSTITUTE GOODS OR SERVICES; LOSS OF USE, DATA OR PROFITS; OR BUSINESS
    47                           ; INTERRUPTION) HOWSOEVER CAUSED AND ON ANY THEORY OF LIABILITY, WHETHER IN CONTRACT, ST
      +                          RICT
    48                           ; LIABILITY, OR TORT (INCLUDING NEGLIGENCE OR OTHERWISE) ARISING IN ANY WAY OUT OF THE U
      +                          SE OF
    49                           ; THIS SOFTWARE, EVEN IF ADVISED OF THE POSSIBILITY OF SUCH DAMAGE.
    50                           ; 
    51                           ; 
    52                           ; Code-generator required, PIC18F57Q43 Definitions
    53                           ; 
    54                           ; SFR Addresses
    55  0000                     _OSCFRQ	set	177
    56  0000                     _OSCCON1	set	173
    57  0000                     _U1BRG	set	686
    58  0000                     _U1TXB	set	675
    59  0000                     _U1ERRIRbits	set	690
    60  0000                     _U1RXPPS	set	626
    61  0000                     _RF0PPS	set	553
    62  0000                     _U1CON1bits	set	684
    63  0000                     _U1CON0bits	set	683
    64  0000                     _TMR0H	set	793
    65  0000                     _TMR0L	set	792
    66  0000                     _IPR3bits	set	869
    67  0000                     _ODCONFbits	set	1066
    68  0000                     _SLRCONFbits	set	1067
    69  0000                     _INLVLFbits	set	1068
    70  0000                     _WPUFbits	set	1065
    71  0000                     _ANSELFbits	set	1064
    72  0000                     _IVTBASEL	set	1117
    73  0000                     _IVTBASEH	set	1118
    74  0000                     _IVTBASEU	set	1119
    75  0000                     _TRISFbits	set	1227
    76  0000                     _LATB	set	1215
    77  0000                     _PIR3bits	set	1201
    78  0000                     _PIE3bits	set	1185
    79  0000                     _INTCON0bits	set	1238
    80                           
    81                           	psect	smallconst
    82  002500                     __psmallconst:
    83                           	callstack 0
    84  002500  00                 	db	0
    85  002501                     STR_1:
    86                           
    87                           ; BSR set to: 3
    88  002501  68                 	db	104	;'h'
    89  002502  6F                 	db	111	;'o'
    90  002503  6C                 	db	108	;'l'
    91  002504  61                 	db	97	;'a'
    92  002505  0A                 	db	10
    93  002506  0D                 	db	13
    94  002507  00                 	db	0
    95  002508  00                 	db	0	; dummy byte at the end
    96  0000                     
    97                           ; #config settings
    98                           
    99                           	psect	cinit
   100  0025C4                     __pcinit:
   101                           	callstack 0
   102  0025C4                     start_initialization:
   103                           	callstack 0
   104  0025C4                     __initialization:
   105                           	callstack 0
   106                           
   107                           ;
   108                           ; Setup IVTBASE
   109                           ;
   110  0025C4  0104               	movlb	4
   111  0025C6  0E00               	movlw	(ivt0x400_base shr 0)& (0+255)
   112  0025C8  6F5D               	movwf	93,b
   113  0025CA  0E04               	movlw	(ivt0x400_base shr (0+8))& (0+255)
   114  0025CC  6F5E               	movwf	94,b
   115  0025CE  0E00               	movlw	(ivt0x400_base shr (0+16))& (0+255)
   116  0025D0  6F5F               	movwf	95,b
   117  0025D2                     end_of_initialization:
   118                           	callstack 0
   119  0025D2                     __end_of__initialization:
   120                           	callstack 0
   121  0025D2  0E00               	movlw	low (__Lsmallconst shr (0+16))
   122  0025D4  6EF8               	movwf	tblptru,c
   123  0025D6  0E25               	movlw	high __Lsmallconst
   124  0025D8  6EF7               	movwf	tblptrh,c
   125  0025DA  0100               	movlb	0
   126  0025DC  EFA8  F012         	goto	_main	;jump to C main() function
   127                           
   128                           	psect	cstackCOMRAM
   129  000501                     __pcstackCOMRAM:
   130                           	callstack 0
   131  000501                     UART_Print_Char@a:
   132                           	callstack 0
   133  000501                     UART_Init@baudios:
   134                           	callstack 0
   135                           
   136                           ; 4 bytes @ 0x0
   137  000501                     	ds	1
   138  000502                     UART_Print_String@a:
   139                           	callstack 0
   140                           
   141                           ; 2 bytes @ 0x1
   142  000502                     	ds	2
   143  000504                     UART_Print_String@ptr:
   144                           	callstack 0
   145                           
   146                           ; 2 bytes @ 0x3
   147  000504                     	ds	1
   148  000505                     
   149                           ; 1 bytes @ 0x4
   150  000505                     	ds	1
   151  000506                     
   152                           ; 2 bytes @ 0x5
   153  000506                     	ds	2
   154  000508                     
   155                           ; 3 bytes @ 0x7
   156  000508                     	ds	3
   157  00050B                     ??_main:
   158                           
   159                           ; 1 bytes @ 0xA
   160  00050B                     	ds	2
   161                           
   162 ;;
   163 ;;Main: autosize = 0, tempsize = 2, incstack = 0, save=0
   164 ;;
   165 ;; *************** function _main *****************
   166 ;; Defined at:
   167 ;;		line 19 in file "main.c"
   168 ;; Parameters:    Size  Location     Type
   169 ;;  argc            2    5[COMRAM] int 
   170 ;;  argv            3    7[COMRAM] PTR PTR unsigned char 
   171 ;; Auto vars:     Size  Location     Type
   172 ;;		None
   173 ;; Return value:  Size  Location     Type
   174 ;;                  2    5[COMRAM] int 
   175 ;; Registers used:
   176 ;;		wreg, status,2, status,0, tblptrl, tblptrh, tblptru, cstack
   177 ;; Tracked objects:
   178 ;;		On entry : 0/0
   179 ;;		On exit  : 0/0
   180 ;;		Unchanged: 0/0
   181 ;; Data sizes:     COMRAM   BANK5   BANK6   BANK7   BANK8   BANK9  BANK10  BANK11  BANK12  BANK13  BANK14  BANK15  BANK1
      +6  BANK17  BANK18  BANK19  BANK20  BANK21  BANK22  BANK23  BANK24  BANK25  BANK26  BANK27  BANK28  BANK29  BANK30  BANK3
      +1  BANK32  BANK33  BANK34  BANK35  BANK36
   182 ;;      Params:         5       0       0       0       0       0       0       0       0       0       0       0       
      +0       0       0       0       0       0       0       0       0       0       0       0       0       0       0       
      +0       0       0       0       0       0
   183 ;;      Locals:         0       0       0       0       0       0       0       0       0       0       0       0       
      +0       0       0       0       0       0       0       0       0       0       0       0       0       0       0       
      +0       0       0       0       0       0
   184 ;;      Temps:          2       0       0       0       0       0       0       0       0       0       0       0       
      +0       0       0       0       0       0       0       0       0       0       0       0       0       0       0       
      +0       0       0       0       0       0
   185 ;;      Totals:         7       0       0       0       0       0       0       0       0       0       0       0       
      +0       0       0       0       0       0       0       0       0       0       0       0       0       0       0       
      +0       0       0       0       0       0
   186 ;;Total ram usage:        7 bytes
   187 ;; Hardware stack levels required when called: 4
   188 ;; This function calls:
   189 ;;		_Clock_Config
   190 ;;		_UART_Init
   191 ;;		_UART_Print_String
   192 ;; This function is called by:
   193 ;;		Startup code after reset
   194 ;; This function uses a non-reentrant model
   195 ;;
   196                           
   197                           	psect	text0
   198  002550                     __ptext0:
   199                           	callstack 0
   200  002550                     _main:
   201                           	callstack 123
   202  002550                     
   203                           ;main.c: 21:     Clock_Config();
   204  002550  EC05  F013         	call	_Clock_Config	;wreg free
   205                           
   206                           ;main.c: 22:     UART_Init(9600);
   207  002554  0E80               	movlw	128
   208  002556  6E01               	movwf	UART_Init@baudios^(0+1280),c
   209  002558  0E25               	movlw	37
   210  00255A  6E02               	movwf	(UART_Init@baudios+1)^(0+1280),c
   211  00255C  0E00               	movlw	0
   212  00255E  6E03               	movwf	(UART_Init@baudios+2)^(0+1280),c
   213  002560  0E00               	movlw	0
   214  002562  6E04               	movwf	(UART_Init@baudios+3)^(0+1280),c
   215  002564  ECCA  F012         	call	_UART_Init	;wreg free
   216  002568                     l860:
   217                           
   218                           ;main.c: 28:         UART_Print_String("hola\n\r") ;
   219  002568  0E01               	movlw	low STR_1
   220  00256A  6E02               	movwf	UART_Print_String@a^(0+1280),c
   221  00256C  0E25               	movlw	high STR_1
   222  00256E  6E03               	movwf	(UART_Print_String@a+1)^(0+1280),c
   223  002570  EC85  F012         	call	_UART_Print_String	;wreg free
   224  002574                     
   225                           ;main.c: 29:         _delay((unsigned long)((200)*(64000000UL/4000.0)));
   226  002574  0E11               	movlw	17
   227  002576  6E0C               	movwf	(??_main+1)^(0+1280),c
   228  002578  0E3C               	movlw	60
   229  00257A  6E0B               	movwf	??_main^(0+1280),c
   230  00257C  0ECB               	movlw	203
   231  00257E                     u47:
   232  00257E  2EE8               	decfsz	wreg,f,c
   233  002580  D7FE               	bra	u47
   234  002582  2E0B               	decfsz	??_main^(0+1280),f,c
   235  002584  D7FC               	bra	u47
   236  002586  2E0C               	decfsz	(??_main+1)^(0+1280),f,c
   237  002588  D7FA               	bra	u47
   238  00258A  F000               	nop	
   239                           
   240                           ;main.c: 31:     }
   241  00258C  EFB4  F012         	goto	l860
   242  002590  EF7D  F002         	goto	start
   243  002594                     __end_of_main:
   244                           	callstack 0
   245                           
   246 ;; *************** function _UART_Print_String *****************
   247 ;; Defined at:
   248 ;;		line 59 in file "Uart.c"
   249 ;; Parameters:    Size  Location     Type
   250 ;;  a               2    1[COMRAM] PTR unsigned char 
   251 ;;		 -> STR_1(7), 
   252 ;; Auto vars:     Size  Location     Type
   253 ;;  ptr             2    3[COMRAM] PTR unsigned char 
   254 ;;		 -> STR_1(7), 
   255 ;; Return value:  Size  Location     Type
   256 ;;                  1    wreg      void 
   257 ;; Registers used:
   258 ;;		wreg, status,2, status,0, tblptrl, tblptrh, tblptru, cstack
   259 ;; Tracked objects:
   260 ;;		On entry : 0/0
   261 ;;		On exit  : 0/0
   262 ;;		Unchanged: 0/0
   263 ;; Data sizes:     COMRAM   BANK5   BANK6   BANK7   BANK8   BANK9  BANK10  BANK11  BANK12  BANK13  BANK14  BANK15  BANK1
      +6  BANK17  BANK18  BANK19  BANK20  BANK21  BANK22  BANK23  BANK24  BANK25  BANK26  BANK27  BANK28  BANK29  BANK30  BANK3
      +1  BANK32  BANK33  BANK34  BANK35  BANK36
   264 ;;      Params:         2       0       0       0       0       0       0       0       0       0       0       0       
      +0       0       0       0       0       0       0       0       0       0       0       0       0       0       0       
      +0       0       0       0       0       0
   265 ;;      Locals:         2       0       0       0       0       0       0       0       0       0       0       0       
      +0       0       0       0       0       0       0       0       0       0       0       0       0       0       0       
      +0       0       0       0       0       0
   266 ;;      Temps:          0       0       0       0       0       0       0       0       0       0       0       0       
      +0       0       0       0       0       0       0       0       0       0       0       0       0       0       0       
      +0       0       0       0       0       0
   267 ;;      Totals:         4       0       0       0       0       0       0       0       0       0       0       0       
      +0       0       0       0       0       0       0       0       0       0       0       0       0       0       0       
      +0       0       0       0       0       0
   268 ;;Total ram usage:        4 bytes
   269 ;; Hardware stack levels used: 1
   270 ;; Hardware stack levels required when called: 3
   271 ;; This function calls:
   272 ;;		_UART_Print_Char
   273 ;; This function is called by:
   274 ;;		_main
   275 ;; This function uses a non-reentrant model
   276 ;;
   277                           
   278                           	psect	text1
   279  00250A                     __ptext1:
   280                           	callstack 0
   281  00250A                     _UART_Print_String:
   282                           	callstack 123
   283  00250A                     
   284                           ;Uart.c: 61:     char *ptr;;Uart.c: 62:     ptr = a;
   285  00250A  C502  F504         	movff	UART_Print_String@a,UART_Print_String@ptr
   286  00250E  C503  F505         	movff	UART_Print_String@a+1,UART_Print_String@ptr+1
   287                           
   288                           ;Uart.c: 64:     while(*ptr)
   289  002512  EF97  F012         	goto	l856
   290  002516                     l852:
   291                           
   292                           ;Uart.c: 65:         UART_Print_Char(*ptr++);
   293  002516  0061  F410  F4F6   	movff	UART_Print_String@ptr,tblptrl
   294  00251C  0061  F414  F4F7   	movff	UART_Print_String@ptr+1,tblptrh
   295  002522                     	if	0	;tblptru may be non-zero
   296  002522                     	endif
   297  002522                     	if	0	;tblptru may be non-zero
   298  002522                     	endif
   299  002522  0008               	tblrd		*
   300  002524  50F5               	movf	tablat,w,c
   301  002526  ECF0  F012         	call	_UART_Print_Char
   302  00252A  4A04               	infsnz	UART_Print_String@ptr^(0+1280),f,c
   303  00252C  2A05               	incf	(UART_Print_String@ptr+1)^(0+1280),f,c
   304  00252E                     l856:
   305                           
   306                           ;Uart.c: 64:     while(*ptr)
   307  00252E  0061  F410  F4F6   	movff	UART_Print_String@ptr,tblptrl
   308  002534  0061  F414  F4F7   	movff	UART_Print_String@ptr+1,tblptrh
   309  00253A                     	if	0	;tblptru may be non-zero
   310  00253A                     	endif
   311  00253A                     	if	0	;tblptru may be non-zero
   312  00253A                     	endif
   313  00253A  0008               	tblrd		*
   314  00253C  50F5               	movf	tablat,w,c
   315  00253E  0900               	iorlw	0
   316  002540  A4D8               	btfss	status,2,c
   317  002542  EFA5  F012         	goto	u31
   318  002546  EFA7  F012         	goto	u30
   319  00254A                     u31:
   320  00254A  EF8B  F012         	goto	l852
   321  00254E                     u30:
   322  00254E  0012               	return		;funcret
   323  002550                     __end_of_UART_Print_String:
   324                           	callstack 0
   325                           
   326 ;; *************** function _UART_Print_Char *****************
   327 ;; Defined at:
   328 ;;		line 52 in file "Uart.c"
   329 ;; Parameters:    Size  Location     Type
   330 ;;  a               1    wreg     unsigned char 
   331 ;; Auto vars:     Size  Location     Type
   332 ;;  a               1    0[COMRAM] unsigned char 
   333 ;; Return value:  Size  Location     Type
   334 ;;                  1    wreg      void 
   335 ;; Registers used:
   336 ;;		wreg
   337 ;; Tracked objects:
   338 ;;		On entry : 0/0
   339 ;;		On exit  : 0/0
   340 ;;		Unchanged: 0/0
   341 ;; Data sizes:     COMRAM   BANK5   BANK6   BANK7   BANK8   BANK9  BANK10  BANK11  BANK12  BANK13  BANK14  BANK15  BANK1
      +6  BANK17  BANK18  BANK19  BANK20  BANK21  BANK22  BANK23  BANK24  BANK25  BANK26  BANK27  BANK28  BANK29  BANK30  BANK3
      +1  BANK32  BANK33  BANK34  BANK35  BANK36
   342 ;;      Params:         0       0       0       0       0       0       0       0       0       0       0       0       
      +0       0       0       0       0       0       0       0       0       0       0       0       0       0       0       
      +0       0       0       0       0       0
   343 ;;      Locals:         1       0       0       0       0       0       0       0       0       0       0       0       
      +0       0       0       0       0       0       0       0       0       0       0       0       0       0       0       
      +0       0       0       0       0       0
   344 ;;      Temps:          0       0       0       0       0       0       0       0       0       0       0       0       
      +0       0       0       0       0       0       0       0       0       0       0       0       0       0       0       
      +0       0       0       0       0       0
   345 ;;      Totals:         1       0       0       0       0       0       0       0       0       0       0       0       
      +0       0       0       0       0       0       0       0       0       0       0       0       0       0       0       
      +0       0       0       0       0       0
   346 ;;Total ram usage:        1 bytes
   347 ;; Hardware stack levels used: 1
   348 ;; Hardware stack levels required when called: 2
   349 ;; This function calls:
   350 ;;		Nothing
   351 ;; This function is called by:
   352 ;;		_UART_Print_String
   353 ;; This function uses a non-reentrant model
   354 ;;
   355                           
   356                           	psect	text2
   357  0025E0                     __ptext2:
   358                           	callstack 0
   359  0025E0                     _UART_Print_Char:
   360                           	callstack 123
   361                           
   362                           ;incstack = 0
   363                           ;UART_Print_Char@a stored from wreg
   364  0025E0  6E01               	movwf	UART_Print_Char@a^(0+1280),c
   365  0025E2                     l72:
   366  0025E2  0102               	movlb	2	; () banked
   367  0025E4  AFB2               	btfss	178,7,b	;volatile
   368  0025E6  EFF7  F012         	goto	u11
   369  0025EA  EFF9  F012         	goto	u10
   370  0025EE                     u11:
   371  0025EE  EFF1  F012         	goto	l72
   372  0025F2                     u10:
   373  0025F2                     
   374                           ; BSR set to: 2
   375                           ;Uart.c: 55:         U1TXB = a;
   376  0025F2  0061  F404  F2A3   	movff	UART_Print_Char@a,675	;volatile
   377  0025F8                     
   378                           ; BSR set to: 2
   379  0025F8  0012               	return		;funcret
   380  0025FA                     __end_of_UART_Print_Char:
   381                           	callstack 0
   382                           
   383 ;; *************** function _UART_Init *****************
   384 ;; Defined at:
   385 ;;		line 7 in file "Uart.c"
   386 ;; Parameters:    Size  Location     Type
   387 ;;  baudios         4    0[COMRAM] unsigned long 
   388 ;; Auto vars:     Size  Location     Type
   389 ;;		None
   390 ;; Return value:  Size  Location     Type
   391 ;;                  1    wreg      void 
   392 ;; Registers used:
   393 ;;		wreg, status,2
   394 ;; Tracked objects:
   395 ;;		On entry : 0/0
   396 ;;		On exit  : 0/0
   397 ;;		Unchanged: 0/0
   398 ;; Data sizes:     COMRAM   BANK5   BANK6   BANK7   BANK8   BANK9  BANK10  BANK11  BANK12  BANK13  BANK14  BANK15  BANK1
      +6  BANK17  BANK18  BANK19  BANK20  BANK21  BANK22  BANK23  BANK24  BANK25  BANK26  BANK27  BANK28  BANK29  BANK30  BANK3
      +1  BANK32  BANK33  BANK34  BANK35  BANK36
   399 ;;      Params:         4       0       0       0       0       0       0       0       0       0       0       0       
      +0       0       0       0       0       0       0       0       0       0       0       0       0       0       0       
      +0       0       0       0       0       0
   400 ;;      Locals:         0       0       0       0       0       0       0       0       0       0       0       0       
      +0       0       0       0       0       0       0       0       0       0       0       0       0       0       0       
      +0       0       0       0       0       0
   401 ;;      Temps:          0       0       0       0       0       0       0       0       0       0       0       0       
      +0       0       0       0       0       0       0       0       0       0       0       0       0       0       0       
      +0       0       0       0       0       0
   402 ;;      Totals:         4       0       0       0       0       0       0       0       0       0       0       0       
      +0       0       0       0       0       0       0       0       0       0       0       0       0       0       0       
      +0       0       0       0       0       0
   403 ;;Total ram usage:        4 bytes
   404 ;; Hardware stack levels used: 1
   405 ;; Hardware stack levels required when called: 2
   406 ;; This function calls:
   407 ;;		Nothing
   408 ;; This function is called by:
   409 ;;		_main
   410 ;; This function uses a non-reentrant model
   411 ;;
   412                           
   413                           	psect	text3
   414  002594                     __ptext3:
   415                           	callstack 0
   416  002594                     _UART_Init:
   417                           	callstack 124
   418  002594                     
   419                           ;Uart.c: 10:    U1CON0bits.BRGS = 0;
   420  002594  0102               	movlb	2	; () banked
   421  002596  9FAB               	bcf	171,7,b	;volatile
   422  002598                     
   423                           ; BSR set to: 2
   424                           ;Uart.c: 13: U1BRG = 416;
   425  002598  0E01               	movlw	1
   426  00259A  6FAF               	movwf	175,b	;volatile
   427  00259C  0EA0               	movlw	160
   428  00259E  6FAE               	movwf	174,b	;volatile
   429                           
   430                           ;Uart.c: 17: U1CON0bits.MODE = 0b0000;
   431  0025A0  0EF0               	movlw	-16
   432  0025A2  17AB               	andwf	171,f,b	;volatile
   433  0025A4                     
   434                           ; BSR set to: 2
   435                           ;Uart.c: 19: U1CON1bits.ON = 1;
   436  0025A4  8FAC               	bsf	172,7,b	;volatile
   437  0025A6                     
   438                           ; BSR set to: 2
   439                           ;Uart.c: 23: U1CON0bits.TXEN = 1;
   440  0025A6  8BAB               	bsf	171,5,b	;volatile
   441  0025A8                     
   442                           ; BSR set to: 2
   443                           ;Uart.c: 25: U1CON0bits.RXEN = 1;
   444  0025A8  89AB               	bsf	171,4,b	;volatile
   445                           
   446                           ;Uart.c: 32:     RF0PPS = 0x20;
   447  0025AA  0E20               	movlw	32
   448  0025AC  6F29               	movwf	41,b	;volatile
   449  0025AE                     
   450                           ; BSR set to: 2
   451                           ;Uart.c: 35:     TRISFbits.TRISF1 = 1;
   452  0025AE  82CB               	bsf	203,1,c	;volatile
   453  0025B0                     
   454                           ; BSR set to: 2
   455                           ;Uart.c: 36:     ANSELFbits.ANSELF1 = 0;
   456  0025B0  0104               	movlb	4	; () banked
   457  0025B2  9328               	bcf	40,1,b	;volatile
   458  0025B4                     
   459                           ; BSR set to: 4
   460                           ;Uart.c: 37:     WPUFbits.WPUF1 = 0;
   461  0025B4  9329               	bcf	41,1,b	;volatile
   462  0025B6                     
   463                           ; BSR set to: 4
   464                           ;Uart.c: 38:     INLVLFbits.INLVLF1 = 0;
   465  0025B6  932C               	bcf	44,1,b	;volatile
   466  0025B8                     
   467                           ; BSR set to: 4
   468                           ;Uart.c: 39:     SLRCONFbits.SLRF1 = 1;
   469  0025B8  832B               	bsf	43,1,b	;volatile
   470  0025BA                     
   471                           ; BSR set to: 4
   472                           ;Uart.c: 40:     ODCONFbits.ODCF1 = 0;
   473  0025BA  932A               	bcf	42,1,b	;volatile
   474                           
   475                           ;Uart.c: 46:     U1RXPPS = 0b101001;
   476  0025BC  0E29               	movlw	41
   477  0025BE  0102               	movlb	2	; () banked
   478  0025C0  6F72               	movwf	114,b	;volatile
   479  0025C2                     
   480                           ; BSR set to: 2
   481  0025C2  0012               	return		;funcret
   482  0025C4                     __end_of_UART_Init:
   483                           	callstack 0
   484                           
   485 ;; *************** function _Clock_Config *****************
   486 ;; Defined at:
   487 ;;		line 65 in file "Configuracion.c"
   488 ;; Parameters:    Size  Location     Type
   489 ;;		None
   490 ;; Auto vars:     Size  Location     Type
   491 ;;		None
   492 ;; Return value:  Size  Location     Type
   493 ;;                  1    wreg      void 
   494 ;; Registers used:
   495 ;;		wreg, status,2
   496 ;; Tracked objects:
   497 ;;		On entry : 0/0
   498 ;;		On exit  : 0/0
   499 ;;		Unchanged: 0/0
   500 ;; Data sizes:     COMRAM   BANK5   BANK6   BANK7   BANK8   BANK9  BANK10  BANK11  BANK12  BANK13  BANK14  BANK15  BANK1
      +6  BANK17  BANK18  BANK19  BANK20  BANK21  BANK22  BANK23  BANK24  BANK25  BANK26  BANK27  BANK28  BANK29  BANK30  BANK3
      +1  BANK32  BANK33  BANK34  BANK35  BANK36
   501 ;;      Params:         0       0       0       0       0       0       0       0       0       0       0       0       
      +0       0       0       0       0       0       0       0       0       0       0       0       0       0       0       
      +0       0       0       0       0       0
   502 ;;      Locals:         0       0       0       0       0       0       0       0       0       0       0       0       
      +0       0       0       0       0       0       0       0       0       0       0       0       0       0       0       
      +0       0       0       0       0       0
   503 ;;      Temps:          0       0       0       0       0       0       0       0       0       0       0       0       
      +0       0       0       0       0       0       0       0       0       0       0       0       0       0       0       
      +0       0       0       0       0       0
   504 ;;      Totals:         0       0       0       0       0       0       0       0       0       0       0       0       
      +0       0       0       0       0       0       0       0       0       0       0       0       0       0       0       
      +0       0       0       0       0       0
   505 ;;Total ram usage:        0 bytes
   506 ;; Hardware stack levels used: 1
   507 ;; Hardware stack levels required when called: 2
   508 ;; This function calls:
   509 ;;		Nothing
   510 ;; This function is called by:
   511 ;;		_main
   512 ;; This function uses a non-reentrant model
   513 ;;
   514                           
   515                           	psect	text4
   516  00260A                     __ptext4:
   517                           	callstack 0
   518  00260A                     _Clock_Config:
   519                           	callstack 124
   520  00260A  0E60               	movlw	96
   521  00260C  0100               	movlb	0	; () banked
   522  00260E  6FAD               	movwf	173,b	;volatile
   523  002610  0E08               	movlw	8
   524  002612  6FB1               	movwf	177,b	;volatile
   525  002614                     
   526                           ; BSR set to: 0
   527  002614  0012               	return		;funcret
   528  002616                     __end_of_Clock_Config:
   529                           	callstack 0
   530                           
   531 ;; *************** function _RutinaLP_ISR *****************
   532 ;; Defined at:
   533 ;;		line 41 in file "Interrupt.c"
   534 ;; Parameters:    Size  Location     Type
   535 ;;		None
   536 ;; Auto vars:     Size  Location     Type
   537 ;;		None
   538 ;; Return value:  Size  Location     Type
   539 ;;                  1    wreg      void 
   540 ;; Registers used:
   541 ;;		None
   542 ;; Tracked objects:
   543 ;;		On entry : 0/0
   544 ;;		On exit  : 0/0
   545 ;;		Unchanged: 0/0
   546 ;; Data sizes:     COMRAM   BANK5   BANK6   BANK7   BANK8   BANK9  BANK10  BANK11  BANK12  BANK13  BANK14  BANK15  BANK1
      +6  BANK17  BANK18  BANK19  BANK20  BANK21  BANK22  BANK23  BANK24  BANK25  BANK26  BANK27  BANK28  BANK29  BANK30  BANK3
      +1  BANK32  BANK33  BANK34  BANK35  BANK36
   547 ;;      Params:         0       0       0       0       0       0       0       0       0       0       0       0       
      +0       0       0       0       0       0       0       0       0       0       0       0       0       0       0       
      +0       0       0       0       0       0
   548 ;;      Locals:         0       0       0       0       0       0       0       0       0       0       0       0       
      +0       0       0       0       0       0       0       0       0       0       0       0       0       0       0       
      +0       0       0       0       0       0
   549 ;;      Temps:          0       0       0       0       0       0       0       0       0       0       0       0       
      +0       0       0       0       0       0       0       0       0       0       0       0       0       0       0       
      +0       0       0       0       0       0
   550 ;;      Totals:         0       0       0       0       0       0       0       0       0       0       0       0       
      +0       0       0       0       0       0       0       0       0       0       0       0       0       0       0       
      +0       0       0       0       0       0
   551 ;;Total ram usage:        0 bytes
   552 ;; Hardware stack levels used: 1
   553 ;; Hardware stack levels required when called: 1
   554 ;; This function calls:
   555 ;;		Nothing
   556 ;; This function is called by:
   557 ;;		Interrupt level 1
   558 ;; This function uses a non-reentrant model
   559 ;;
   560                           
   561                           	psect	text5
   562  002618                     __ptext5:
   563                           	callstack 0
   564  002618                     _RutinaLP_ISR:
   565                           	callstack 123
   566  002618  0011               	retfie		f
   567  00261A                     __end_of_RutinaLP_ISR:
   568                           	callstack 0
   569                           
   570 ;; *************** function _RutinaHP_ISR *****************
   571 ;; Defined at:
   572 ;;		line 33 in file "Interrupt.c"
   573 ;; Parameters:    Size  Location     Type
   574 ;;		None
   575 ;; Auto vars:     Size  Location     Type
   576 ;;		None
   577 ;; Return value:  Size  Location     Type
   578 ;;                  1    wreg      void 
   579 ;; Registers used:
   580 ;;		wreg, status,2, status,0
   581 ;; Tracked objects:
   582 ;;		On entry : 0/0
   583 ;;		On exit  : 0/0
   584 ;;		Unchanged: 0/0
   585 ;; Data sizes:     COMRAM   BANK5   BANK6   BANK7   BANK8   BANK9  BANK10  BANK11  BANK12  BANK13  BANK14  BANK15  BANK1
      +6  BANK17  BANK18  BANK19  BANK20  BANK21  BANK22  BANK23  BANK24  BANK25  BANK26  BANK27  BANK28  BANK29  BANK30  BANK3
      +1  BANK32  BANK33  BANK34  BANK35  BANK36
   586 ;;      Params:         0       0       0       0       0       0       0       0       0       0       0       0       
      +0       0       0       0       0       0       0       0       0       0       0       0       0       0       0       
      +0       0       0       0       0       0
   587 ;;      Locals:         0       0       0       0       0       0       0       0       0       0       0       0       
      +0       0       0       0       0       0       0       0       0       0       0       0       0       0       0       
      +0       0       0       0       0       0
   588 ;;      Temps:          0       0       0       0       0       0       0       0       0       0       0       0       
      +0       0       0       0       0       0       0       0       0       0       0       0       0       0       0       
      +0       0       0       0       0       0
   589 ;;      Totals:         0       0       0       0       0       0       0       0       0       0       0       0       
      +0       0       0       0       0       0       0       0       0       0       0       0       0       0       0       
      +0       0       0       0       0       0
   590 ;;Total ram usage:        0 bytes
   591 ;; Hardware stack levels used: 1
   592 ;; This function calls:
   593 ;;		Nothing
   594 ;; This function is called by:
   595 ;;		Interrupt level 2
   596 ;; This function uses a non-reentrant model
   597 ;;
   598                           
   599                           	psect	text6
   600  0025FC                     __ptext6:
   601                           	callstack 0
   602  0025FC                     _RutinaHP_ISR:
   603                           	callstack 123
   604  0025FC                     
   605                           ;Interrupt.c: 35:     LATB ^= (1<<4);
   606  0025FC  0E10               	movlw	16
   607  0025FE  1ABF               	xorwf	191,f,c	;volatile
   608  002600                     
   609                           ;Interrupt.c: 36:     TMR0L = 0XFF;
   610  002600  0103               	movlb	3	; () banked
   611  002602  6918               	setf	24,b	;volatile
   612  002604                     
   613                           ; BSR set to: 3
   614                           ;Interrupt.c: 37:     TMR0H = 0XFF;
   615  002604  6919               	setf	25,b	;volatile
   616  002606                     
   617                           ; BSR set to: 3
   618                           ;Interrupt.c: 38:     PIR3bits.TMR0IF = 0;
   619  002606  9EB1               	bcf	177,7,c	;volatile
   620  002608                     
   621                           ; BSR set to: 3
   622  002608  0011               	retfie		f
   623  00260A                     __end_of_RutinaHP_ISR:
   624                           	callstack 0
   625                           
   626                           ;
   627                           ; Interrupt Vector Table @ 0x400
   628                           ;
   629                           
   630                           	psect	ivt0x400
   631  000400                     __pivt0x400:
   632                           	callstack 0
   633  000400                     ivt0x400_base:
   634                           	callstack 0
   635                           
   636                           ; Vector 0 : SWINT
   637  000400  0986               	dw	_RutinaLP_ISR shr (0+2)
   638                           
   639                           ; Vector 1 : HLVD
   640  000402  0986               	dw	_RutinaLP_ISR shr (0+2)
   641                           
   642                           ; Vector 2 : OSF
   643  000404  0986               	dw	_RutinaLP_ISR shr (0+2)
   644                           
   645                           ; Vector 3 : CSW
   646  000406  0986               	dw	_RutinaLP_ISR shr (0+2)
   647                           
   648                           ; Vector 4 : Undefined
   649  000408  013E               	dw	ivt0x400_undefint shr (0+2)
   650                           
   651                           ; Vector 5 : CLC1
   652  00040A  0986               	dw	_RutinaLP_ISR shr (0+2)
   653                           
   654                           ; Vector 6 : Undefined
   655  00040C  013E               	dw	ivt0x400_undefint shr (0+2)
   656                           
   657                           ; Vector 7 : IOC
   658  00040E  0986               	dw	_RutinaLP_ISR shr (0+2)
   659                           
   660                           ; Vector 8 : INT0
   661  000410  0986               	dw	_RutinaLP_ISR shr (0+2)
   662                           
   663                           ; Vector 9 : ZCD
   664  000412  0986               	dw	_RutinaLP_ISR shr (0+2)
   665                           
   666                           ; Vector 10 : AD
   667  000414  0986               	dw	_RutinaLP_ISR shr (0+2)
   668                           
   669                           ; Vector 11 : ACT
   670  000416  0986               	dw	_RutinaLP_ISR shr (0+2)
   671                           
   672                           ; Vector 12 : CMP1
   673  000418  0986               	dw	_RutinaLP_ISR shr (0+2)
   674                           
   675                           ; Vector 13 : SMT1
   676  00041A  0986               	dw	_RutinaLP_ISR shr (0+2)
   677                           
   678                           ; Vector 14 : SMT1PRA
   679  00041C  0986               	dw	_RutinaLP_ISR shr (0+2)
   680                           
   681                           ; Vector 15 : SMT1PRW
   682  00041E  0986               	dw	_RutinaLP_ISR shr (0+2)
   683                           
   684                           ; Vector 16 : ADT
   685  000420  0986               	dw	_RutinaLP_ISR shr (0+2)
   686                           
   687                           ; Vector 17 : Undefined
   688  000422  013E               	dw	ivt0x400_undefint shr (0+2)
   689                           
   690                           ; Vector 18 : Undefined
   691  000424  013E               	dw	ivt0x400_undefint shr (0+2)
   692                           
   693                           ; Vector 19 : Undefined
   694  000426  013E               	dw	ivt0x400_undefint shr (0+2)
   695                           
   696                           ; Vector 20 : DMA1SCNT
   697  000428  0986               	dw	_RutinaLP_ISR shr (0+2)
   698                           
   699                           ; Vector 21 : DMA1DCNT
   700  00042A  0986               	dw	_RutinaLP_ISR shr (0+2)
   701                           
   702                           ; Vector 22 : DMA1OR
   703  00042C  0986               	dw	_RutinaLP_ISR shr (0+2)
   704                           
   705                           ; Vector 23 : DMA1A
   706  00042E  0986               	dw	_RutinaLP_ISR shr (0+2)
   707                           
   708                           ; Vector 24 : SPI1RX
   709  000430  0986               	dw	_RutinaLP_ISR shr (0+2)
   710                           
   711                           ; Vector 25 : SPI1TX
   712  000432  0986               	dw	_RutinaLP_ISR shr (0+2)
   713                           
   714                           ; Vector 26 : SPI1
   715  000434  0986               	dw	_RutinaLP_ISR shr (0+2)
   716                           
   717                           ; Vector 27 : TMR2
   718  000436  0986               	dw	_RutinaLP_ISR shr (0+2)
   719                           
   720                           ; Vector 28 : TMR1
   721  000438  0986               	dw	_RutinaLP_ISR shr (0+2)
   722                           
   723                           ; Vector 29 : TMR1G
   724  00043A  0986               	dw	_RutinaLP_ISR shr (0+2)
   725                           
   726                           ; Vector 30 : CCP1
   727  00043C  0986               	dw	_RutinaLP_ISR shr (0+2)
   728                           
   729                           ; Vector 31 : TMR0
   730  00043E  097F               	dw	_RutinaHP_ISR shr (0+2)
   731                           
   732                           ; Vector 32 : U1RX
   733  000440  0986               	dw	_RutinaLP_ISR shr (0+2)
   734                           
   735                           ; Vector 33 : U1TX
   736  000442  0986               	dw	_RutinaLP_ISR shr (0+2)
   737                           
   738                           ; Vector 34 : U1E
   739  000444  0986               	dw	_RutinaLP_ISR shr (0+2)
   740                           
   741                           ; Vector 35 : U1
   742  000446  0986               	dw	_RutinaLP_ISR shr (0+2)
   743                           
   744                           ; Vector 36 : Undefined
   745  000448  013E               	dw	ivt0x400_undefint shr (0+2)
   746                           
   747                           ; Vector 37 : Undefined
   748  00044A  013E               	dw	ivt0x400_undefint shr (0+2)
   749                           
   750                           ; Vector 38 : PWM1PR
   751  00044C  0986               	dw	_RutinaLP_ISR shr (0+2)
   752                           
   753                           ; Vector 39 : PWM1
   754  00044E  0986               	dw	_RutinaLP_ISR shr (0+2)
   755                           
   756                           ; Vector 40 : SPI2RX
   757  000450  0986               	dw	_RutinaLP_ISR shr (0+2)
   758                           
   759                           ; Vector 41 : SPI2TX
   760  000452  0986               	dw	_RutinaLP_ISR shr (0+2)
   761                           
   762                           ; Vector 42 : SPI2
   763  000454  0986               	dw	_RutinaLP_ISR shr (0+2)
   764                           
   765                           ; Vector 43 : Undefined
   766  000456  013E               	dw	ivt0x400_undefint shr (0+2)
   767                           
   768                           ; Vector 44 : TMR3
   769  000458  0986               	dw	_RutinaLP_ISR shr (0+2)
   770                           
   771                           ; Vector 45 : TMR3G
   772  00045A  0986               	dw	_RutinaLP_ISR shr (0+2)
   773                           
   774                           ; Vector 46 : PWM2PR
   775  00045C  0986               	dw	_RutinaLP_ISR shr (0+2)
   776                           
   777                           ; Vector 47 : PWM2
   778  00045E  0986               	dw	_RutinaLP_ISR shr (0+2)
   779                           
   780                           ; Vector 48 : INT1
   781  000460  0986               	dw	_RutinaLP_ISR shr (0+2)
   782                           
   783                           ; Vector 49 : CLC2
   784  000462  0986               	dw	_RutinaLP_ISR shr (0+2)
   785                           
   786                           ; Vector 50 : CWG1
   787  000464  0986               	dw	_RutinaLP_ISR shr (0+2)
   788                           
   789                           ; Vector 51 : NCO1
   790  000466  0986               	dw	_RutinaLP_ISR shr (0+2)
   791                           
   792                           ; Vector 52 : DMA2SCNT
   793  000468  0986               	dw	_RutinaLP_ISR shr (0+2)
   794                           
   795                           ; Vector 53 : DMA2DCNT
   796  00046A  0986               	dw	_RutinaLP_ISR shr (0+2)
   797                           
   798                           ; Vector 54 : DMA2OR
   799  00046C  0986               	dw	_RutinaLP_ISR shr (0+2)
   800                           
   801                           ; Vector 55 : DMA2A
   802  00046E  0986               	dw	_RutinaLP_ISR shr (0+2)
   803                           
   804                           ; Vector 56 : I2C1RX
   805  000470  0986               	dw	_RutinaLP_ISR shr (0+2)
   806                           
   807                           ; Vector 57 : I2C1TX
   808  000472  0986               	dw	_RutinaLP_ISR shr (0+2)
   809                           
   810                           ; Vector 58 : I2C1
   811  000474  0986               	dw	_RutinaLP_ISR shr (0+2)
   812                           
   813                           ; Vector 59 : I2C1E
   814  000476  0986               	dw	_RutinaLP_ISR shr (0+2)
   815                           
   816                           ; Vector 60 : Undefined
   817  000478  013E               	dw	ivt0x400_undefint shr (0+2)
   818                           
   819                           ; Vector 61 : CLC3
   820  00047A  0986               	dw	_RutinaLP_ISR shr (0+2)
   821                           
   822                           ; Vector 62 : PWM3PR
   823  00047C  0986               	dw	_RutinaLP_ISR shr (0+2)
   824                           
   825                           ; Vector 63 : PWM3
   826  00047E  0986               	dw	_RutinaLP_ISR shr (0+2)
   827                           
   828                           ; Vector 64 : U2RX
   829  000480  0986               	dw	_RutinaLP_ISR shr (0+2)
   830                           
   831                           ; Vector 65 : U2TX
   832  000482  0986               	dw	_RutinaLP_ISR shr (0+2)
   833                           
   834                           ; Vector 66 : U2E
   835  000484  0986               	dw	_RutinaLP_ISR shr (0+2)
   836                           
   837                           ; Vector 67 : U2
   838  000486  0986               	dw	_RutinaLP_ISR shr (0+2)
   839                           
   840                           ; Vector 68 : TMR5
   841  000488  0986               	dw	_RutinaLP_ISR shr (0+2)
   842                           
   843                           ; Vector 69 : TMR5G
   844  00048A  0986               	dw	_RutinaLP_ISR shr (0+2)
   845                           
   846                           ; Vector 70 : CCP2
   847  00048C  0986               	dw	_RutinaLP_ISR shr (0+2)
   848                           
   849                           ; Vector 71 : SCAN
   850  00048E  0986               	dw	_RutinaLP_ISR shr (0+2)
   851                           
   852                           ; Vector 72 : U3RX
   853  000490  0986               	dw	_RutinaLP_ISR shr (0+2)
   854                           
   855                           ; Vector 73 : U3TX
   856  000492  0986               	dw	_RutinaLP_ISR shr (0+2)
   857                           
   858                           ; Vector 74 : U3E
   859  000494  0986               	dw	_RutinaLP_ISR shr (0+2)
   860                           
   861                           ; Vector 75 : U3
   862  000496  0986               	dw	_RutinaLP_ISR shr (0+2)
   863                           
   864                           ; Vector 76 : Undefined
   865  000498  013E               	dw	ivt0x400_undefint shr (0+2)
   866                           
   867                           ; Vector 77 : CLC4
   868  00049A  0986               	dw	_RutinaLP_ISR shr (0+2)
   869                           
   870                           ; Vector 78 : Undefined
   871  00049C  013E               	dw	ivt0x400_undefint shr (0+2)
   872                           
   873                           ; Vector 79 : Undefined
   874  00049E  013E               	dw	ivt0x400_undefint shr (0+2)
   875                           
   876                           ; Vector 80 : INT2
   877  0004A0  0986               	dw	_RutinaLP_ISR shr (0+2)
   878                           
   879                           ; Vector 81 : CLC5
   880  0004A2  0986               	dw	_RutinaLP_ISR shr (0+2)
   881                           
   882                           ; Vector 82 : CWG2
   883  0004A4  0986               	dw	_RutinaLP_ISR shr (0+2)
   884                           
   885                           ; Vector 83 : NCO2
   886  0004A6  0986               	dw	_RutinaLP_ISR shr (0+2)
   887                           
   888                           ; Vector 84 : DMA3SCNT
   889  0004A8  0986               	dw	_RutinaLP_ISR shr (0+2)
   890                           
   891                           ; Vector 85 : DMA3DCNT
   892  0004AA  0986               	dw	_RutinaLP_ISR shr (0+2)
   893                           
   894                           ; Vector 86 : DMA3OR
   895  0004AC  0986               	dw	_RutinaLP_ISR shr (0+2)
   896                           
   897                           ; Vector 87 : DMA3A
   898  0004AE  0986               	dw	_RutinaLP_ISR shr (0+2)
   899                           
   900                           ; Vector 88 : CCP3
   901  0004B0  0986               	dw	_RutinaLP_ISR shr (0+2)
   902                           
   903                           ; Vector 89 : CLC6
   904  0004B2  0986               	dw	_RutinaLP_ISR shr (0+2)
   905                           
   906                           ; Vector 90 : CWG3
   907  0004B4  0986               	dw	_RutinaLP_ISR shr (0+2)
   908                           
   909                           ; Vector 91 : TMR4
   910  0004B6  0986               	dw	_RutinaLP_ISR shr (0+2)
   911                           
   912                           ; Vector 92 : DMA4SCNT
   913  0004B8  0986               	dw	_RutinaLP_ISR shr (0+2)
   914                           
   915                           ; Vector 93 : DMA4DCNT
   916  0004BA  0986               	dw	_RutinaLP_ISR shr (0+2)
   917                           
   918                           ; Vector 94 : DMA4OR
   919  0004BC  0986               	dw	_RutinaLP_ISR shr (0+2)
   920                           
   921                           ; Vector 95 : DMA4A
   922  0004BE  0986               	dw	_RutinaLP_ISR shr (0+2)
   923                           
   924                           ; Vector 96 : U4RX
   925  0004C0  0986               	dw	_RutinaLP_ISR shr (0+2)
   926                           
   927                           ; Vector 97 : U4TX
   928  0004C2  0986               	dw	_RutinaLP_ISR shr (0+2)
   929                           
   930                           ; Vector 98 : U4E
   931  0004C4  0986               	dw	_RutinaLP_ISR shr (0+2)
   932                           
   933                           ; Vector 99 : U4
   934  0004C6  0986               	dw	_RutinaLP_ISR shr (0+2)
   935                           
   936                           ; Vector 100 : DMA5SCNT
   937  0004C8  0986               	dw	_RutinaLP_ISR shr (0+2)
   938                           
   939                           ; Vector 101 : DMA5DCNT
   940  0004CA  0986               	dw	_RutinaLP_ISR shr (0+2)
   941                           
   942                           ; Vector 102 : DMA5OR
   943  0004CC  0986               	dw	_RutinaLP_ISR shr (0+2)
   944                           
   945                           ; Vector 103 : DMA5A
   946  0004CE  0986               	dw	_RutinaLP_ISR shr (0+2)
   947                           
   948                           ; Vector 104 : U5RX
   949  0004D0  0986               	dw	_RutinaLP_ISR shr (0+2)
   950                           
   951                           ; Vector 105 : U5TX
   952  0004D2  0986               	dw	_RutinaLP_ISR shr (0+2)
   953                           
   954                           ; Vector 106 : U5E
   955  0004D4  0986               	dw	_RutinaLP_ISR shr (0+2)
   956                           
   957                           ; Vector 107 : U5
   958  0004D6  0986               	dw	_RutinaLP_ISR shr (0+2)
   959                           
   960                           ; Vector 108 : DMA6SCNT
   961  0004D8  0986               	dw	_RutinaLP_ISR shr (0+2)
   962                           
   963                           ; Vector 109 : DMA6DCNT
   964  0004DA  0986               	dw	_RutinaLP_ISR shr (0+2)
   965                           
   966                           ; Vector 110 : DMA6OR
   967  0004DC  0986               	dw	_RutinaLP_ISR shr (0+2)
   968                           
   969                           ; Vector 111 : DMA6A
   970  0004DE  0986               	dw	_RutinaLP_ISR shr (0+2)
   971                           
   972                           ; Vector 112 : Undefined
   973  0004E0  013E               	dw	ivt0x400_undefint shr (0+2)
   974                           
   975                           ; Vector 113 : CLC7
   976  0004E2  0986               	dw	_RutinaLP_ISR shr (0+2)
   977                           
   978                           ; Vector 114 : CMP2
   979  0004E4  0986               	dw	_RutinaLP_ISR shr (0+2)
   980                           
   981                           ; Vector 115 : NCO3
   982  0004E6  0986               	dw	_RutinaLP_ISR shr (0+2)
   983                           
   984                           ; Vector 116 : Undefined
   985  0004E8  013E               	dw	ivt0x400_undefint shr (0+2)
   986                           
   987                           ; Vector 117 : Undefined
   988  0004EA  013E               	dw	ivt0x400_undefint shr (0+2)
   989                           
   990                           ; Vector 118 : Undefined
   991  0004EC  013E               	dw	ivt0x400_undefint shr (0+2)
   992                           
   993                           ; Vector 119 : Undefined
   994  0004EE  013E               	dw	ivt0x400_undefint shr (0+2)
   995                           
   996                           ; Vector 120 : NVM
   997  0004F0  0986               	dw	_RutinaLP_ISR shr (0+2)
   998                           
   999                           ; Vector 121 : CLC8
  1000  0004F2  0986               	dw	_RutinaLP_ISR shr (0+2)
  1001                           
  1002                           ; Vector 122 : CRC
  1003  0004F4  0986               	dw	_RutinaLP_ISR shr (0+2)
  1004                           
  1005                           ; Vector 123 : TMR6
  1006  0004F6  0986               	dw	_RutinaLP_ISR shr (0+2)
  1007  0004F8                     ivt0x400_undefint:
  1008                           	callstack 0
  1009  0004F8  00FF               	reset	
  1010                           
  1011                           	psect	rparam
  1012  0000                     
  1013                           	psect	idloc
  1014                           
  1015                           ;Config register IDLOC0 @ 0x200000
  1016                           ;	unspecified, using default values
  1017  200000                     	org	2097152
  1018  200000  0FFF               	dw	4095
  1019                           
  1020                           ;Config register IDLOC1 @ 0x200002
  1021                           ;	unspecified, using default values
  1022  200002                     	org	2097154
  1023  200002  0FFF               	dw	4095
  1024                           
  1025                           ;Config register IDLOC2 @ 0x200004
  1026                           ;	unspecified, using default values
  1027  200004                     	org	2097156
  1028  200004  0FFF               	dw	4095
  1029                           
  1030                           ;Config register IDLOC3 @ 0x200006
  1031                           ;	unspecified, using default values
  1032  200006                     	org	2097158
  1033  200006  0FFF               	dw	4095
  1034                           
  1035                           ;Config register IDLOC4 @ 0x200008
  1036                           ;	unspecified, using default values
  1037  200008                     	org	2097160
  1038  200008  0FFF               	dw	4095
  1039                           
  1040                           ;Config register IDLOC5 @ 0x20000A
  1041                           ;	unspecified, using default values
  1042  20000A                     	org	2097162
  1043  20000A  0FFF               	dw	4095
  1044                           
  1045                           ;Config register IDLOC6 @ 0x20000C
  1046                           ;	unspecified, using default values
  1047  20000C                     	org	2097164
  1048  20000C  0FFF               	dw	4095
  1049                           
  1050                           ;Config register IDLOC7 @ 0x20000E
  1051                           ;	unspecified, using default values
  1052  20000E                     	org	2097166
  1053  20000E  0FFF               	dw	4095
  1054                           
  1055                           ;Config register IDLOC8 @ 0x200010
  1056                           ;	unspecified, using default values
  1057  200010                     	org	2097168
  1058  200010  0FFF               	dw	4095
  1059                           
  1060                           ;Config register IDLOC9 @ 0x200012
  1061                           ;	unspecified, using default values
  1062  200012                     	org	2097170
  1063  200012  0FFF               	dw	4095
  1064                           
  1065                           ;Config register IDLOC10 @ 0x200014
  1066                           ;	unspecified, using default values
  1067  200014                     	org	2097172
  1068  200014  0FFF               	dw	4095
  1069                           
  1070                           ;Config register IDLOC11 @ 0x200016
  1071                           ;	unspecified, using default values
  1072  200016                     	org	2097174
  1073  200016  0FFF               	dw	4095
  1074                           
  1075                           ;Config register IDLOC12 @ 0x200018
  1076                           ;	unspecified, using default values
  1077  200018                     	org	2097176
  1078  200018  0FFF               	dw	4095
  1079                           
  1080                           ;Config register IDLOC13 @ 0x20001A
  1081                           ;	unspecified, using default values
  1082  20001A                     	org	2097178
  1083  20001A  0FFF               	dw	4095
  1084                           
  1085                           ;Config register IDLOC14 @ 0x20001C
  1086                           ;	unspecified, using default values
  1087  20001C                     	org	2097180
  1088  20001C  0FFF               	dw	4095
  1089                           
  1090                           ;Config register IDLOC15 @ 0x20001E
  1091                           ;	unspecified, using default values
  1092  20001E                     	org	2097182
  1093  20001E  0FFF               	dw	4095
  1094                           
  1095                           ;Config register IDLOC16 @ 0x200020
  1096                           ;	unspecified, using default values
  1097  200020                     	org	2097184
  1098  200020  0FFF               	dw	4095
  1099                           
  1100                           ;Config register IDLOC17 @ 0x200022
  1101                           ;	unspecified, using default values
  1102  200022                     	org	2097186
  1103  200022  0FFF               	dw	4095
  1104                           
  1105                           ;Config register IDLOC18 @ 0x200024
  1106                           ;	unspecified, using default values
  1107  200024                     	org	2097188
  1108  200024  0FFF               	dw	4095
  1109                           
  1110                           ;Config register IDLOC19 @ 0x200026
  1111                           ;	unspecified, using default values
  1112  200026                     	org	2097190
  1113  200026  0FFF               	dw	4095
  1114                           
  1115                           ;Config register IDLOC20 @ 0x200028
  1116                           ;	unspecified, using default values
  1117  200028                     	org	2097192
  1118  200028  0FFF               	dw	4095
  1119                           
  1120                           ;Config register IDLOC21 @ 0x20002A
  1121                           ;	unspecified, using default values
  1122  20002A                     	org	2097194
  1123  20002A  0FFF               	dw	4095
  1124                           
  1125                           ;Config register IDLOC22 @ 0x20002C
  1126                           ;	unspecified, using default values
  1127  20002C                     	org	2097196
  1128  20002C  0FFF               	dw	4095
  1129                           
  1130                           ;Config register IDLOC23 @ 0x20002E
  1131                           ;	unspecified, using default values
  1132  20002E                     	org	2097198
  1133  20002E  0FFF               	dw	4095
  1134                           
  1135                           ;Config register IDLOC24 @ 0x200030
  1136                           ;	unspecified, using default values
  1137  200030                     	org	2097200
  1138  200030  0FFF               	dw	4095
  1139                           
  1140                           ;Config register IDLOC25 @ 0x200032
  1141                           ;	unspecified, using default values
  1142  200032                     	org	2097202
  1143  200032  0FFF               	dw	4095
  1144                           
  1145                           ;Config register IDLOC26 @ 0x200034
  1146                           ;	unspecified, using default values
  1147  200034                     	org	2097204
  1148  200034  0FFF               	dw	4095
  1149                           
  1150                           ;Config register IDLOC27 @ 0x200036
  1151                           ;	unspecified, using default values
  1152  200036                     	org	2097206
  1153  200036  0FFF               	dw	4095
  1154                           
  1155                           ;Config register IDLOC28 @ 0x200038
  1156                           ;	unspecified, using default values
  1157  200038                     	org	2097208
  1158  200038  0FFF               	dw	4095
  1159                           
  1160                           ;Config register IDLOC29 @ 0x20003A
  1161                           ;	unspecified, using default values
  1162  20003A                     	org	2097210
  1163  20003A  0FFF               	dw	4095
  1164                           
  1165                           ;Config register IDLOC30 @ 0x20003C
  1166                           ;	unspecified, using default values
  1167  20003C                     	org	2097212
  1168  20003C  0FFF               	dw	4095
  1169                           
  1170                           ;Config register IDLOC31 @ 0x20003E
  1171                           ;	unspecified, using default values
  1172  20003E                     	org	2097214
  1173  20003E  0FFF               	dw	4095
  1174                           
  1175                           	psect	config
  1176                           
  1177                           ;Config register CONFIG1 @ 0x300000
  1178                           ;	External Oscillator Selection
  1179                           ;	FEXTOSC = OFF, Oscillator not enabled
  1180                           ;	Reset Oscillator Selection
  1181                           ;	RSTOSC = HFINTOSC_64MHZ, HFINTOSC with HFFRQ = 64 MHz and CDIV = 1:1
  1182  300000                     	org	3145728
  1183  300000  8C                 	db	140
  1184                           
  1185                           ;Config register CONFIG2 @ 0x300001
  1186                           ;	Clock out Enable bit
  1187                           ;	CLKOUTEN = OFF, CLKOUT function is disabled
  1188                           ;	PRLOCKED One-Way Set Enable bit
  1189                           ;	PR1WAY = OFF, PRLOCKED bit can be set and cleared repeatedly
  1190                           ;	Clock Switch Enable bit
  1191                           ;	CSWEN = ON, Writing to NOSC and NDIV is allowed
  1192                           ;	Fail-Safe Clock Monitor Enable bit
  1193                           ;	FCMEN = OFF, Fail-Safe Clock Monitor disabled
  1194  300001                     	org	3145729
  1195  300001  DD                 	db	221
  1196                           
  1197                           ;Config register CONFIG3 @ 0x300002
  1198                           ;	MCLR Enable bit
  1199                           ;	MCLRE = EXTMCLR, If LVP = 0, MCLR pin is MCLR; If LVP = 1, RE3 pin function is MCLR
  1200                           ;	Power-up timer selection bits
  1201                           ;	PWRTS = PWRT_OFF, PWRT is disabled
  1202                           ;	Multi-vector enable bit
  1203                           ;	MVECEN = ON, Multi-vector enabled, Vector table used for interrupts
  1204                           ;	IVTLOCK bit One-way set enable bit
  1205                           ;	IVT1WAY = ON, IVTLOCKED bit can be cleared and set only once
  1206                           ;	Low Power BOR Enable bit
  1207                           ;	LPBOREN = OFF, Low-Power BOR disabled
  1208                           ;	Brown-out Reset Enable bits
  1209                           ;	BOREN = SBORDIS, Brown-out Reset enabled , SBOREN bit is ignored
  1210  300002                     	org	3145730
  1211  300002  FF                 	db	255
  1212                           
  1213                           ;Config register CONFIG4 @ 0x300003
  1214                           ;	Brown-out Reset Voltage Selection bits
  1215                           ;	BORV = VBOR_1P9, Brown-out Reset Voltage (VBOR) set to 1.9V
  1216                           ;	ZCD Disable bit
  1217                           ;	ZCD = OFF, ZCD module is disabled. ZCD can be enabled by setting the ZCDSEN bit of ZCD
      +                          CON
  1218                           ;	PPSLOCK bit One-Way Set Enable bit
  1219                           ;	PPS1WAY = ON, PPSLOCKED bit can be cleared and set only once; PPS registers remain loc
      +                          ked after one clear/set cycle
  1220                           ;	Stack Full/Underflow Reset Enable bit
  1221                           ;	STVREN = ON, Stack full/underflow will cause Reset
  1222                           ;	Low Voltage Programming Enable bit
  1223                           ;	LVP = ON, Low voltage programming enabled. MCLR/VPP pin function is MCLR. MCLRE config
      +                          uration bit is ignored
  1224                           ;	Extended Instruction Set Enable bit
  1225                           ;	XINST = OFF, Extended Instruction Set and Indexed Addressing Mode disabled
  1226  300003                     	org	3145731
  1227  300003  FF                 	db	255
  1228                           
  1229                           ;Config register CONFIG5 @ 0x300004
  1230                           ;	WDT Period selection bits
  1231                           ;	WDTCPS = WDTCPS_31, Divider ratio 1:65536; software control of WDTPS
  1232                           ;	WDT operating mode
  1233                           ;	WDTE = OFF, WDT Disabled; SWDTEN is ignored
  1234  300004                     	org	3145732
  1235  300004  9F                 	db	159
  1236                           
  1237                           ;Config register CONFIG6 @ 0x300005
  1238                           ;	WDT Window Select bits
  1239                           ;	WDTCWS = WDTCWS_7, window always open (100%); software control; keyed access not requi
      +                          red
  1240                           ;	WDT input clock selector
  1241                           ;	WDTCCS = SC, Software Control
  1242  300005                     	org	3145733
  1243  300005  FF                 	db	255
  1244                           
  1245                           ;Config register CONFIG7 @ 0x300006
  1246                           ;	Boot Block Size selection bits
  1247                           ;	BBSIZE = BBSIZE_512, Boot Block size is 512 words
  1248                           ;	Boot Block enable bit
  1249                           ;	BBEN = OFF, Boot block disabled
  1250                           ;	Storage Area Flash enable bit
  1251                           ;	SAFEN = OFF, SAF disabled
  1252                           ;	Background Debugger
  1253                           ;	DEBUG = ON, Background Debugger enabled
  1254  300006                     	org	3145734
  1255  300006  DF                 	db	223
  1256                           
  1257                           ;Config register CONFIG8 @ 0x300007
  1258                           ;	Boot Block Write Protection bit
  1259                           ;	WRTB = OFF, Boot Block not Write protected
  1260                           ;	Configuration Register Write Protection bit
  1261                           ;	WRTC = OFF, Configuration registers not Write protected
  1262                           ;	Data EEPROM Write Protection bit
  1263                           ;	WRTD = OFF, Data EEPROM not Write protected
  1264                           ;	SAF Write protection bit
  1265                           ;	WRTSAF = OFF, SAF not Write Protected
  1266                           ;	Application Block write protection bit
  1267                           ;	WRTAPP = OFF, Application Block not write protected
  1268  300007                     	org	3145735
  1269  300007  FF                 	db	255
  1270                           
  1271                           ; Padding undefined space
  1272  300008                     	org	3145736
  1273  300008  FF                 	db	255
  1274                           
  1275                           ;Config register CONFIG10 @ 0x300009
  1276                           ;	PFM and Data EEPROM Code Protection bit
  1277                           ;	CP = OFF, PFM and Data EEPROM code protection disabled
  1278  300009                     	org	3145737
  1279  300009  FF                 	db	255
  1280                           tosu	equ	0x4FF
  1281                           tosh	equ	0x4FE
  1282                           tosl	equ	0x4FD
  1283                           stkptr	equ	0x4FC
  1284                           pclatu	equ	0x4FB
  1285                           pclath	equ	0x4FA
  1286                           pcl	equ	0x4F9
  1287                           tblptru	equ	0x4F8
  1288                           tblptrh	equ	0x4F7
  1289                           tblptrl	equ	0x4F6
  1290                           tablat	equ	0x4F5
  1291                           prodh	equ	0x4F4
  1292                           prodl	equ	0x4F3
  1293                           indf0	equ	0x4EF
  1294                           postinc0	equ	0x4EE
  1295                           postdec0	equ	0x4ED
  1296                           preinc0	equ	0x4EC
  1297                           plusw0	equ	0x4EB
  1298                           fsr0h	equ	0x4EA
  1299                           fsr0l	equ	0x4E9
  1300                           wreg	equ	0x4E8
  1301                           indf1	equ	0x4E7
  1302                           postinc1	equ	0x4E6
  1303                           postdec1	equ	0x4E5
  1304                           preinc1	equ	0x4E4
  1305                           plusw1	equ	0x4E3
  1306                           fsr1h	equ	0x4E2
  1307                           fsr1l	equ	0x4E1
  1308                           bsr	equ	0x4E0
  1309                           indf2	equ	0x4DF
  1310                           postinc2	equ	0x4DE
  1311                           postdec2	equ	0x4DD
  1312                           preinc2	equ	0x4DC
  1313                           plusw2	equ	0x4DB
  1314                           fsr2h	equ	0x4DA
  1315                           fsr2l	equ	0x4D9
  1316                           status	equ	0x4D8

Data Sizes:
    Strings     7
    Constant    0
    Data        0
    BSS         0
    Persistent  0
    Stack       0

Auto Spaces:
    Space          Size  Autos    Used
    COMRAM           95     12      12
    BANK5           160      0       0
    BANK6           256      0       0
    BANK7           256      0       0
    BANK8           256      0       0
    BANK9           256      0       0
    BANK10          256      0       0
    BANK11          256      0       0
    BANK12          256      0       0
    BANK13          256      0       0
    BANK14          256      0       0
    BANK15          256      0       0
    BANK16          256      0       0
    BANK17          256      0       0
    BANK18          256      0       0
    BANK19          256      0       0
    BANK20          256      0       0
    BANK21          256      0       0
    BANK22          256      0       0
    BANK23          256      0       0
    BANK24          256      0       0
    BANK25          256      0       0
    BANK26          256      0       0
    BANK27          256      0       0
    BANK28          256      0       0
    BANK29          256      0       0
    BANK30          256      0       0
    BANK31          256      0       0
    BANK32          256      0       0
    BANK33          256      0       0
    BANK34          256      0       0
    BANK35          256      0       0
    BANK36          256      0       0

Pointer List with Targets:

    UART_Print_String@a	PTR unsigned char  size(2) Largest target is 7
		 -> STR_1(CODE[7]), 

    UART_Print_String@ptr	PTR unsigned char  size(2) Largest target is 7
		 -> STR_1(CODE[7]), 


Critical Paths under _main in COMRAM

    _main->_UART_Print_String
    _UART_Print_String->_UART_Print_Char

Critical Paths under _RutinaLP_ISR in COMRAM

    None.

Critical Paths under _RutinaHP_ISR in COMRAM

    None.

Critical Paths under _main in BANK5

    None.

Critical Paths under _RutinaLP_ISR in BANK5

    None.

Critical Paths under _RutinaHP_ISR in BANK5

    None.

Critical Paths under _main in BANK6

    None.

Critical Paths under _RutinaLP_ISR in BANK6

    None.

Critical Paths under _RutinaHP_ISR in BANK6

    None.

Critical Paths under _main in BANK7

    None.

Critical Paths under _RutinaLP_ISR in BANK7

    None.

Critical Paths under _RutinaHP_ISR in BANK7

    None.

Critical Paths under _main in BANK8

    None.

Critical Paths under _RutinaLP_ISR in BANK8

    None.

Critical Paths under _RutinaHP_ISR in BANK8

    None.

Critical Paths under _main in BANK9

    None.

Critical Paths under _RutinaLP_ISR in BANK9

    None.

Critical Paths under _RutinaHP_ISR in BANK9

    None.

Critical Paths under _main in BANK10

    None.

Critical Paths under _RutinaLP_ISR in BANK10

    None.

Critical Paths under _RutinaHP_ISR in BANK10

    None.

Critical Paths under _main in BANK11

    None.

Critical Paths under _RutinaLP_ISR in BANK11

    None.

Critical Paths under _RutinaHP_ISR in BANK11

    None.

Critical Paths under _main in BANK12

    None.

Critical Paths under _RutinaLP_ISR in BANK12

    None.

Critical Paths under _RutinaHP_ISR in BANK12

    None.

Critical Paths under _main in BANK13

    None.

Critical Paths under _RutinaLP_ISR in BANK13

    None.

Critical Paths under _RutinaHP_ISR in BANK13

    None.

Critical Paths under _main in BANK14

    None.

Critical Paths under _RutinaLP_ISR in BANK14

    None.

Critical Paths under _RutinaHP_ISR in BANK14

    None.

Critical Paths under _main in BANK15

    None.

Critical Paths under _RutinaLP_ISR in BANK15

    None.

Critical Paths under _RutinaHP_ISR in BANK15

    None.

Critical Paths under _main in BANK16

    None.

Critical Paths under _RutinaLP_ISR in BANK16

    None.

Critical Paths under _RutinaHP_ISR in BANK16

    None.

Critical Paths under _main in BANK17

    None.

Critical Paths under _RutinaLP_ISR in BANK17

    None.

Critical Paths under _RutinaHP_ISR in BANK17

    None.

Critical Paths under _main in BANK18

    None.

Critical Paths under _RutinaLP_ISR in BANK18

    None.

Critical Paths under _RutinaHP_ISR in BANK18

    None.

Critical Paths under _main in BANK19

    None.

Critical Paths under _RutinaLP_ISR in BANK19

    None.

Critical Paths under _RutinaHP_ISR in BANK19

    None.

Critical Paths under _main in BANK20

    None.

Critical Paths under _RutinaLP_ISR in BANK20

    None.

Critical Paths under _RutinaHP_ISR in BANK20

    None.

Critical Paths under _main in BANK21

    None.

Critical Paths under _RutinaLP_ISR in BANK21

    None.

Critical Paths under _RutinaHP_ISR in BANK21

    None.

Critical Paths under _main in BANK22

    None.

Critical Paths under _RutinaLP_ISR in BANK22

    None.

Critical Paths under _RutinaHP_ISR in BANK22

    None.

Critical Paths under _main in BANK23

    None.

Critical Paths under _RutinaLP_ISR in BANK23

    None.

Critical Paths under _RutinaHP_ISR in BANK23

    None.

Critical Paths under _main in BANK24

    None.

Critical Paths under _RutinaLP_ISR in BANK24

    None.

Critical Paths under _RutinaHP_ISR in BANK24

    None.

Critical Paths under _main in BANK25

    None.

Critical Paths under _RutinaLP_ISR in BANK25

    None.

Critical Paths under _RutinaHP_ISR in BANK25

    None.

Critical Paths under _main in BANK26

    None.

Critical Paths under _RutinaLP_ISR in BANK26

    None.

Critical Paths under _RutinaHP_ISR in BANK26

    None.

Critical Paths under _main in BANK27

    None.

Critical Paths under _RutinaLP_ISR in BANK27

    None.

Critical Paths under _RutinaHP_ISR in BANK27

    None.

Critical Paths under _main in BANK28

    None.

Critical Paths under _RutinaLP_ISR in BANK28

    None.

Critical Paths under _RutinaHP_ISR in BANK28

    None.

Critical Paths under _main in BANK29

    None.

Critical Paths under _RutinaLP_ISR in BANK29

    None.

Critical Paths under _RutinaHP_ISR in BANK29

    None.

Critical Paths under _main in BANK30

    None.

Critical Paths under _RutinaLP_ISR in BANK30

    None.

Critical Paths under _RutinaHP_ISR in BANK30

    None.

Critical Paths under _main in BANK31

    None.

Critical Paths under _RutinaLP_ISR in BANK31

    None.

Critical Paths under _RutinaHP_ISR in BANK31

    None.

Critical Paths under _main in BANK32

    None.

Critical Paths under _RutinaLP_ISR in BANK32

    None.

Critical Paths under _RutinaHP_ISR in BANK32

    None.

Critical Paths under _main in BANK33

    None.

Critical Paths under _RutinaLP_ISR in BANK33

    None.

Critical Paths under _RutinaHP_ISR in BANK33

    None.

Critical Paths under _main in BANK34

    None.

Critical Paths under _RutinaLP_ISR in BANK34

    None.

Critical Paths under _RutinaHP_ISR in BANK34

    None.

Critical Paths under _main in BANK35

    None.

Critical Paths under _RutinaLP_ISR in BANK35

    None.

Critical Paths under _RutinaHP_ISR in BANK35

    None.

Critical Paths under _main in BANK36

    None.

Critical Paths under _RutinaLP_ISR in BANK36

    None.

Critical Paths under _RutinaHP_ISR in BANK36

    None.

Call Graph Tables:

 ---------------------------------------------------------------------------------
 (Depth) Function   	        Calls       Base Space   Used Autos Params    Refs
 ---------------------------------------------------------------------------------
 (0) _main                                                 7     2      5     235
                                              5 COMRAM     7     2      5
                       _Clock_Config
                          _UART_Init
                  _UART_Print_String
 ---------------------------------------------------------------------------------
 (1) _UART_Print_String                                    4     2      2     159
                                              1 COMRAM     4     2      2
                    _UART_Print_Char
 ---------------------------------------------------------------------------------
 (2) _UART_Print_Char                                      1     1      0      15
                                              0 COMRAM     1     1      0
 ---------------------------------------------------------------------------------
 (1) _UART_Init                                            4     0      4      76
                                              0 COMRAM     4     0      4
 ---------------------------------------------------------------------------------
 (1) _Clock_Config                                         0     0      0       0
 ---------------------------------------------------------------------------------
 Estimated maximum stack depth 2
 ---------------------------------------------------------------------------------
 (Depth) Function   	        Calls       Base Space   Used Autos Params    Refs
 ---------------------------------------------------------------------------------
 (3) _RutinaLP_ISR                                         0     0      0       0
 ---------------------------------------------------------------------------------
 Estimated maximum stack depth 3
 ---------------------------------------------------------------------------------
 (Depth) Function   	        Calls       Base Space   Used Autos Params    Refs
 ---------------------------------------------------------------------------------
 (4) _RutinaHP_ISR                                         0     0      0       0
 ---------------------------------------------------------------------------------
 Estimated maximum stack depth 4
 ---------------------------------------------------------------------------------

 Call Graph Graphs:

 _main (ROOT)
   _Clock_Config
   _UART_Init
   _UART_Print_String
     _UART_Print_Char

 _RutinaLP_ISR (ROOT)

 _RutinaHP_ISR (ROOT)

 Address spaces:
Name               Size   Autos  Total    Cost      Usage
BITCOMRAM           5F      0       0       0        0.0%
EEDATA             400      0       0       0        0.0%
NULL                 0      0       0       0        0.0%
CODE                 0      0       0       0        0.0%
COMRAM              5F      C       C       1       12.6%
STACK                0      0       0       2        0.0%
DATA                 0      0       0       3        0.0%
BITBANK5            A0      0       0       4        0.0%
BANK5               A0      0       0       5        0.0%
BITBANK6           100      0       0       6        0.0%
BANK6              100      0       0       7        0.0%
BITBANK7           100      0       0       8        0.0%
BANK7              100      0       0       9        0.0%
BITBANK8           100      0       0      10        0.0%
BANK8              100      0       0      11        0.0%
BITBANK9           100      0       0      12        0.0%
BANK9              100      0       0      13        0.0%
BITBANK10          100      0       0      14        0.0%
BANK10             100      0       0      15        0.0%
BITBANK11          100      0       0      16        0.0%
BANK11             100      0       0      17        0.0%
BITBANK12          100      0       0      18        0.0%
BANK12             100      0       0      19        0.0%
BITBANK13          100      0       0      20        0.0%
BANK13             100      0       0      21        0.0%
BITBANK14          100      0       0      22        0.0%
BANK14             100      0       0      23        0.0%
BITBANK15          100      0       0      24        0.0%
BANK15             100      0       0      25        0.0%
BITBANK16          100      0       0      26        0.0%
BANK16             100      0       0      27        0.0%
BITBANK17          100      0       0      28        0.0%
BANK17             100      0       0      29        0.0%
BITBANK18          100      0       0      30        0.0%
BANK18             100      0       0      31        0.0%
BITBANK19          100      0       0      32        0.0%
BANK19             100      0       0      33        0.0%
BITBANK20          100      0       0      34        0.0%
BANK20             100      0       0      35        0.0%
BITBANK21          100      0       0      36        0.0%
BANK21             100      0       0      37        0.0%
BITBANK22          100      0       0      38        0.0%
BANK22             100      0       0      39        0.0%
BITBANK23          100      0       0      40        0.0%
BANK23             100      0       0      41        0.0%
BITBANK24          100      0       0      42        0.0%
BANK24             100      0       0      43        0.0%
BITBANK25          100      0       0      44        0.0%
BANK25             100      0       0      45        0.0%
BITBANK26          100      0       0      46        0.0%
BANK26             100      0       0      47        0.0%
BITBANK27          100      0       0      48        0.0%
BANK27             100      0       0      49        0.0%
BITBANK28          100      0       0      50        0.0%
BANK28             100      0       0      51        0.0%
BITBANK29          100      0       0      52        0.0%
BANK29             100      0       0      53        0.0%
BITBANK30          100      0       0      54        0.0%
BANK30             100      0       0      55        0.0%
BITBANK31          100      0       0      56        0.0%
BANK31             100      0       0      57        0.0%
BITBANK32          100      0       0      58        0.0%
BANK32             100      0       0      59        0.0%
BITBANK33          100      0       0      60        0.0%
BANK33             100      0       0      61        0.0%
BITBANK34          100      0       0      62        0.0%
BANK34             100      0       0      63        0.0%
BITBANK35          100      0       0      64        0.0%
BANK35             100      0       0      65        0.0%
BITBANK36          100      0       0      66        0.0%
BANK36             100      0       0      67        0.0%
ABS                  0      0       0      68        0.0%
BIGRAM            1FFF      0       0      69        0.0%
BITSFR_6             0      0       0     200        0.0%
SFR_6                0      0       0     200        0.0%
BITSFR_5             0      0       0     200        0.0%
SFR_5                0      0       0     200        0.0%
BITSFR_4             0      0       0     200        0.0%
SFR_4                0      0       0     200        0.0%
BITSFR_3             0      0       0     200        0.0%
SFR_3                0      0       0     200        0.0%
BITSFR_2             0      0       0     200        0.0%
SFR_2                0      0       0     200        0.0%
BITSFR_1             0      0       0     200        0.0%
SFR_1                0      0       0     200        0.0%
BITSFR               0      0       0     200        0.0%
SFR                  0      0       0     200        0.0%


Microchip Technology PIC18 Macro Assembler V2.32 build 20210201212658 
Symbol Table                                                                                   Sun Aug 28 17:25:44 2022

                         l7 2614                          l72 25E2                          l81 254E  
                        l75 25F8                          l69 25C2                          u10 25F2  
                        u11 25EE                          u30 254E                          u31 254A  
   __end_of_UART_Print_Char 25FA                          u47 257E          UART_Print_String@a 0502  
                       l830 2598                         l840 25B0                         l832 25A4  
                       l842 25B4                         l834 25A6                         l850 250A  
                       l844 25B6                         l836 25A8                         l828 2594  
                       l772 25E2                         l852 2516                         l860 2568  
                       l846 25B8                         l838 25AE                         l774 25F2  
                       l854 252A                         l862 2574                         l776 260A  
                       l848 25BA                         l856 252E                         l858 2550  
                       wreg 0004E8                _RutinaHP_ISR 25FC                _RutinaLP_ISR 2618  
                      STR_1 2501                        _LATB 0004BF                        i1l40 2618  
                      i2l35 2608                        _main 2550                        start 04FA  
      UART_Print_String@ptr 0504                ___param_bank 000000        __end_of_Clock_Config 2616  
                     ?_main 0506                       _U1BRG 0002AE                       _U1TXB 0002A3  
                     i2l820 2606                       i2l814 25FC                       i2l816 2600  
                     i2l818 2604                       _TMR0H 000319                       _TMR0L 000318  
        __size_of_UART_Init 0030                       tablat 0004F5                       status 0004D8  
           __initialization 25C4                __end_of_main 2594            ?_UART_Print_Char 0501  
                    ??_main 050B               __activetblptr 000001                      _RF0PPS 000229  
                    _OSCFRQ 0000B1           __end_of_UART_Init 25C4                      isa$std 000001  
              ivt0x400_base 0400                __mediumconst 0000                      tblptrh 0004F7  
                    tblptrl 0004F6                      tblptru 0004F8                  __accesstop 0560  
   __end_of__initialization 25D2       __size_of_Clock_Config 000C               ___rparam_used 000001  
            __pcstackCOMRAM 0501                _Clock_Config 260A                     IVTBASEH 00045E  
                   IVTBASEL 00045D                     IVTBASEU 00045F                  __pivt0x400 0400  
                   _U1RXPPS 000272                     _OSCCON1 0000AD            UART_Init@baudios 0501  
                   __Hparam 0000                     __Lparam 0000                __psmallconst 2500  
                   __pcinit 25C4                     __ramtop 2500                     __ptext0 2550  
                   __ptext1 250A                     __ptext2 25E0                     __ptext3 2594  
                   __ptext4 260A                     __ptext5 2618                     __ptext6 25FC  
      end_of_initialization 25D2                   _UART_Init 2594                   _TRISFbits 0004CB  
  __size_of_UART_Print_Char 001A                  ?_UART_Init 0501         start_initialization 25C4  
             ?_RutinaHP_ISR 0501               ?_RutinaLP_ISR 0501            ivt0x400_undefint 04F8  
         _UART_Print_String 250A          ?_UART_Print_String 0502         ??_UART_Print_String 0504  
            ??_RutinaHP_ISR 0501              ??_RutinaLP_ISR 0501           ??_UART_Print_Char 0501  
 __end_of_UART_Print_String 2550                 ??_UART_Init 0505                 __smallconst 2500  
               _U1ERRIRbits 0002B2                    _IPR3bits 000365                    _PIE3bits 0004A1  
                  _IVTBASEH 00045E                    _IVTBASEL 00045D                    _IVTBASEU 00045F  
                  _PIR3bits 0004B1            UART_Print_Char@a 0501                    _WPUFbits 000429  
               _INTCON0bits 0004D6  __size_of_UART_Print_String 0046                    __Hrparam 0000  
      __end_of_RutinaHP_ISR 260A        __end_of_RutinaLP_ISR 261A                    __Lrparam 0000  
              __Lsmallconst 2500                  _ANSELFbits 000428               ?_Clock_Config 0501  
                _U1CON0bits 0002AB                  _U1CON1bits 0002AC               __size_of_main 0044  
                  isa$xinst 000000                  _ODCONFbits 00042A                    main@argc 0506  
                  main@argv 0508                  _INLVLFbits 00042C             _UART_Print_Char 25E0  
            ??_Clock_Config 0501                    intlevel1 0000                    intlevel2 0000  
               _SLRCONFbits 00042B       __size_of_RutinaHP_ISR 000E       __size_of_RutinaLP_ISR 0002  
